#
# A fatal error has been detected by the Java Runtime Environment:
#
#  EXCEPTION_ACCESS_VIOLATION (0xc0000005) at pc=0x0000000180016213, pid=6880, tid=8404
#
# JRE version: Java(TM) SE Runtime Environment (8.0_51-b16) (build 1.8.0_51-b16)
# Java VM: Java HotSpot(TM) 64-Bit Server VM (25.51-b03 mixed mode windows-amd64 compressed oops)
# Problematic frame:
# C  0x0000000180016213
#
# Failed to write core dump. Minidumps are not enabled by default on client versions of Windows
#
# If you would like to submit a bug report, please visit:
#   http://bugreport.java.com/bugreport/crash.jsp
# The crash happened outside the Java Virtual Machine in native code.
# See problematic frame for where to report the bug.
#

---------------  T H R E A D  ---------------

Current thread (0x000000000a5c1000):  JavaThread "Thread-2" [_thread_in_native, id=8404, stack(0x000000000b6a0000,0x000000000b7a0000)]

siginfo: ExceptionCode=0xc0000005, ExceptionInformation=0x0000000000000008 0x0000000180016213

Registers:
RAX=0x0000000000000000, RBX=0x000000000837cd30, RCX=0x0000000000000000, RDX=0x0000000000000000
RSP=0x000000000b79ef00, RBP=0x000000000b79ef20, RSI=0x0000000020002260, RDI=0x000000000b79efe8
R8 =0x000000000b79edd8, R9 =0x000000000b79ef20, R10=0x0000000000000000, R11=0x0000000000000246
R12=0x0000000000000000, R13=0x000000000837cd30, R14=0x000000000b79f280, R15=0x000000000a5c1000
RIP=0x0000000180016213, EFLAGS=0x0000000000010202

Top of Stack: (sp=0x000000000b79ef00)
0x000000000b79ef00:   0000000000000002 00000000d5d37800
0x000000000b79ef10:   0000000000000042 0000000000000002
0x000000000b79ef20:   000000000b79ef00 000000000f233017
0x000000000b79ef30:   000000000b79ef70 000000018000ec6a
0x000000000b79ef40:   000000018000e580 000000000b79ef78
0x000000000b79ef50:   0000000000000020 000000000000000a
0x000000000b79ef60:   000000000b79f1a0 0000000070041490
0x000000000b79ef70:   cccccccccccccccc 000000000b79f030
0x000000000b79ef80:   000000000b79f1a0 000000000b79f030
0x000000000b79ef90:   cccccccccccccccc cccccccccccccccc
0x000000000b79efa0:   cccccccccccccccc 0000000000000000
0x000000000b79efb0:   cccccccccccccccc cccccccccccccccc
0x000000000b79efc0:   cccccccccccccccc cccccccc00000001
0x000000000b79efd0:   0000226348981aaa cccccccccccccccc
0x000000000b79efe0:   cccccccccccccccc 0000000000000078
0x000000000b79eff0:   000000000b79f030 00000001800020bb 

Instructions: (pc=0x0000000180016213)
0x00000001800161f3:   
[error occurred during error reporting (printing registers, top of stack, instructions near pc), id 0xc0000005]

Register to memory mapping:

RAX=0x0000000000000000 is an unknown value
RBX={method} {0x000000000837cd38} 'invokeInt' '(JI[Ljava/lang/Object;)I' in 'com/sun/jna/Native'
RCX=0x0000000000000000 is an unknown value
RDX=0x0000000000000000 is an unknown value
RSP=0x000000000b79ef00 is pointing into the stack for thread: 0x000000000a5c1000
RBP=0x000000000b79ef20 is pointing into the stack for thread: 0x000000000a5c1000
RSI=0x0000000020002260 is an unknown value
RDI=0x000000000b79efe8 is pointing into the stack for thread: 0x000000000a5c1000
R8 =0x000000000b79edd8 is pointing into the stack for thread: 0x000000000a5c1000
R9 =0x000000000b79ef20 is pointing into the stack for thread: 0x000000000a5c1000
R10=0x0000000000000000 is an unknown value
R11=0x0000000000000246 is an unknown value
R12=0x0000000000000000 is an unknown value
R13={method} {0x000000000837cd38} 'invokeInt' '(JI[Ljava/lang/Object;)I' in 'com/sun/jna/Native'
R14=0x000000000b79f280 is pointing into the stack for thread: 0x000000000a5c1000
R15=0x000000000a5c1000 is a thread


Stack: [0x000000000b6a0000,0x000000000b7a0000],  sp=0x000000000b79ef00,  free space=1019k
Native frames: (J=compiled Java code, j=interpreted, Vv=VM code, C=native code)
C  0x0000000180016213

Java frames: (J=compiled Java code, j=interpreted, Vv=VM code)
j  com.sun.jna.Native.invokeInt(JI[Ljava/lang/Object;)I+0
j  com.sun.jna.Function.invoke([Ljava/lang/Object;Ljava/lang/Class;Z)Ljava/lang/Object;+333
j  com.sun.jna.Function.invoke(Ljava/lang/Class;[Ljava/lang/Object;Ljava/util/Map;)Ljava/lang/Object;+214
j  com.sun.jna.Library$Handler.invoke(Ljava/lang/Object;Ljava/lang/reflect/Method;[Ljava/lang/Object;)Ljava/lang/Object;+341
j  com.sun.proxy.$Proxy0.ler()I+9
j  br.edu.ifba.embarcados.javaapp.asincexec.AsincExec.run()V+26
j  java.lang.Thread.run()V+11
v  ~StubRoutines::call_stub

---------------  P R O C E S S  ---------------

Java Threads: ( => current thread )
  0x0000000009ec6800 JavaThread "Thread-0" daemon [_thread_in_native, id=2652, stack(0x000000000be70000,0x000000000bf70000)]
=>0x000000000a5c1000 JavaThread "Thread-2" [_thread_in_native, id=8404, stack(0x000000000b6a0000,0x000000000b7a0000)]
  0x000000000a5b0800 JavaThread "AWT-EventQueue-0" [_thread_blocked, id=4448, stack(0x000000000b4a0000,0x000000000b5a0000)]
  0x000000000a595000 JavaThread "AWT-Shutdown" [_thread_blocked, id=6516, stack(0x000000000ae90000,0x000000000af90000)]
  0x000000000a590800 JavaThread "Java2D Disposer" daemon [_thread_blocked, id=7172, stack(0x000000000ad90000,0x000000000ae90000)]
  0x0000000009e17000 JavaThread "Service Thread" daemon [_thread_blocked, id=8924, stack(0x000000000a210000,0x000000000a310000)]
  0x000000000860e000 JavaThread "C1 CompilerThread2" daemon [_thread_blocked, id=8572, stack(0x0000000009d10000,0x0000000009e10000)]
  0x000000000860b800 JavaThread "C2 CompilerThread1" daemon [_thread_blocked, id=1664, stack(0x0000000009c10000,0x0000000009d10000)]
  0x00000000085a9800 JavaThread "C2 CompilerThread0" daemon [_thread_blocked, id=7744, stack(0x0000000009b10000,0x0000000009c10000)]
  0x00000000085b5800 JavaThread "Attach Listener" daemon [_thread_blocked, id=6604, stack(0x0000000009a10000,0x0000000009b10000)]
  0x00000000085b4800 JavaThread "Signal Dispatcher" daemon [_thread_blocked, id=4544, stack(0x0000000009910000,0x0000000009a10000)]
  0x0000000002a46000 JavaThread "Finalizer" daemon [_thread_blocked, id=7212, stack(0x0000000009810000,0x0000000009910000)]
  0x0000000002a3d000 JavaThread "Reference Handler" daemon [_thread_blocked, id=7016, stack(0x0000000009710000,0x0000000009810000)]
  0x0000000002950800 JavaThread "main" [_thread_blocked, id=4528, stack(0x0000000002850000,0x0000000002950000)]

Other Threads:
  0x0000000008578000 VMThread [stack: 0x0000000009610000,0x0000000009710000] [id=6332]
  0x0000000009e19800 WatcherThread [stack: 0x000000000a310000,0x000000000a410000] [id=5920]

VM state:not at safepoint (normal execution)

VM Mutex/Monitor currently owned by a thread: None

Heap:
 PSYoungGen      total 38400K, used 13077K [0x00000000d5d00000, 0x00000000d8780000, 0x0000000100000000)
  eden space 33280K, 39% used [0x00000000d5d00000,0x00000000d69c5660,0x00000000d7d80000)
  from space 5120K, 0% used [0x00000000d8280000,0x00000000d8280000,0x00000000d8780000)
  to   space 5120K, 0% used [0x00000000d7d80000,0x00000000d7d80000,0x00000000d8280000)
 ParOldGen       total 87552K, used 0K [0x0000000081600000, 0x0000000086b80000, 0x00000000d5d00000)
  object space 87552K, 0% used [0x0000000081600000,0x0000000081600000,0x0000000086b80000)
 Metaspace       used 9922K, capacity 10156K, committed 10240K, reserved 1058816K
  class space    used 1161K, capacity 1250K, committed 1280K, reserved 1048576K

Card table byte_map: [0x0000000002e10000,0x0000000003210000] byte_map_base: 0x0000000002a05000

Marking Bits: (ParMarkBitMap*) 0x000000006adf4040
 Begin Bits: [0x00000000038c0000, 0x0000000005868000)
 End Bits:   [0x0000000005868000, 0x0000000007810000)

Polling page: 0x0000000002710000

CodeCache: size=245760Kb used=2606Kb max_used=2606Kb free=243153Kb
 bounds [0x000000000f010000, 0x000000000f2a0000, 0x000000001e010000]
 total_blobs=1211 nmethods=748 adapters=376
 compilation: enabled

Compilation events (10 events):
Event: 9.450 Thread 0x000000000860e000  744       3       java.io.BufferedOutputStream::flushBuffer (29 bytes)
Event: 9.450 Thread 0x000000000860e000 nmethod 744 0x000000000f291ad0 code [0x000000000f291c40, 0x000000000f291ec8]
Event: 9.657 Thread 0x000000000860e000  745       3       java.nio.Buffer::limit (62 bytes)
Event: 9.657 Thread 0x000000000860e000 nmethod 745 0x000000000f29a210 code [0x000000000f29a380, 0x000000000f29a688]
Event: 9.866 Thread 0x000000000860e000  746       3       java.nio.Buffer::<init> (121 bytes)
Event: 9.869 Thread 0x000000000860e000 nmethod 746 0x000000000f29a750 code [0x000000000f29aa20, 0x000000000f29bea8]
Event: 9.972 Thread 0x000000000860e000  747       3       java.awt.Container::getListenersCount (52 bytes)
Event: 9.973 Thread 0x000000000860e000 nmethod 747 0x000000000f29c810 code [0x000000000f29c9a0, 0x000000000f29ce98]
Event: 10.023 Thread 0x000000000860e000  748       1       java.awt.AWTEvent::isConsumed (5 bytes)
Event: 10.024 Thread 0x000000000860e000 nmethod 748 0x000000000f29d010 code [0x000000000f29d160, 0x000000000f29d270]

GC Heap History (0 events):
No events

Deoptimization events (0 events):
No events

Internal exceptions (10 events):
Event: 0.038 Thread 0x0000000002950800 Exception <a 'java/lang/NoSuchMethodError': Method sun.misc.Unsafe.defineClass(Ljava/lang/String;[BII)Ljava/lang/Class; name or signature does not match> (0x00000000d5d0d570) thrown at [C:\re\workspace\8-2-build-windows-amd64-cygwin\jdk8u51\3951\hotspot\sr›1û
∫Z£?
Event: 0.038 Thread 0x0000000002950800 Exception <a 'java/lang/NoSuchMethodError': Method sun.misc.Unsafe.prefetchRead(Ljava/lang/Object;J)V name or signature does not match> (0x00000000d5d0d800) thrown at [C:\re\workspace\8-2-build-windows-amd64-cygwin\jdk8u51\3951\hotspot\src\share\vm\prims\jcáè,!J¿?
Event: 0.127 Thread 0x0000000002950800 Exception <a 'java/security/PrivilegedActionException'> (0x00000000d5d80030) thrown at [C:\re\workspace\8-2-build-windows-amd64-cygwin\jdk8u51\3951\hotspot\src\share\vm\prims\jvm.cpp, line 1382]
Event: 0.127 Thread 0x0000000002950800 Exception <a 'java/security/PrivilegedActionException'> (0x00000000d5d801e8) thrown at [C:\re\workspace\8-2-build-windows-amd64-cygwin\jdk8u51\3951\hotspot\src\share\vm\prims\jvm.cpp, line 1382]
Event: 0.128 Thread 0x0000000002950800 Exception <a 'java/security/PrivilegedActionException'> (0x00000000d5d83ce0) thrown at [C:\re\workspace\8-2-build-windows-amd64-cygwin\jdk8u51\3951\hotspot\src\share\vm\prims\jvm.cpp, line 1382]
Event: 0.128 Thread 0x0000000002950800 Exception <a 'java/security/PrivilegedActionException'> (0x00000000d5d83e98) thrown at [C:\re\workspace\8-2-build-windows-amd64-cygwin\jdk8u51\3951\hotspot\src\share\vm\prims\jvm.cpp, line 1382]
Event: 0.144 Thread 0x0000000002950800 Exception <a 'java/io/FileNotFoundException'> (0x00000000d5f07da0) thrown at [C:\re\workspace\8-2-build-windows-amd64-cygwin\jdk8u51\3951\hotspot\src\share\vm\prims\jni.cpp, line 709]
Event: 0.168 Thread 0x0000000002950800 Exception <a 'java/io/FileNotFoundException'> (0x00000000d5f286b0) thrown at [C:\re\workspace\8-2-build-windows-amd64-cygwin\jdk8u51\3951\hotspot\src\share\vm\prims\jni.cpp, line 709]
Event: 0.211 Thread 0x0000000002950800 Exception <a 'java/lang/NoSuchFieldError': method resolution failed> (0x00000000d5ffc430) thrown at [C:\re\workspace\8-2-build-windows-amd64-cygwin\jdk8u51\3951\hotspot\src\share\vm\prims\methodHandles.cpp, line 1125]
Event: 0.214 Thread 0x0000000002950800 Exception <a 'java/lang/NoSuchFieldError': method resolution failed> (0x00000000d600ae70) thrown at [C:\re\workspace\8-2-build-windows-amd64-cygwin\jdk8u51\3951\hotspot\src\share\vm\prims\methodHandles.cpp, line 1125]

Events (10 events):
Event: 7.752 Thread 0x000000000a5b0800 DEOPT PACKING pc=0x000000000f2296f4 sp=0x000000000b59c2a0
Event: 7.752 Thread 0x000000000a5b0800 DEOPT UNPACKING pc=0x000000000f05787f sp=0x000000000b59bf70 mode 0
Event: 10.024 Thread 0x0000000009ec1800 Thread added: 0x0000000009ec1800
Event: 10.024 Thread 0x0000000009ec6800 Thread added: 0x0000000009ec6800
Event: 10.024 Thread 0x0000000009ec7000 Thread added: 0x0000000009ec7000
Event: 10.024 Thread 0x0000000009ec7000 Thread exited: 0x0000000009ec7000
Event: 10.025 loading class sun/reflect/UnsafeObjectFieldAccessorImpl
Event: 10.025 loading class sun/reflect/UnsafeObjectFieldAccessorImpl done
Event: 10.026 Thread 0x0000000009ec1800 Thread exited: 0x0000000009ec1800
Event: 10.032 Thread 0x000000000a599000 Thread exited: 0x000000000a599000


Dynamic libraries:
0x00007ff6acf10000 - 0x00007ff6acf47000 	C:\Program Files\Java\jre1.8.0_51\bin\javaw.exe
0x00007ffe683a0000 - 0x00007ffe6854c000 	C:\Windows\SYSTEM32\ntdll.dll
0x00007ffe665f0000 - 0x00007ffe6672e000 	C:\Windows\system32\KERNEL32.DLL
0x00007ffe65910000 - 0x00007ffe65a25000 	C:\Windows\system32\KERNELBASE.dll
0x00007ffe64050000 - 0x00007ffe640de000 	C:\Windows\system32\apphelp.dll
0x00007ffe4fcf0000 - 0x00007ffe4fd43000 	C:\Windows\AppPatch\AppPatch64\AcGenral.DLL
0x00007ffe65d80000 - 0x00007ffe65e2a000 	C:\Windows\system32\msvcrt.dll
0x00007ffe65280000 - 0x00007ffe652ae000 	C:\Windows\SYSTEM32\SspiCli.dll
0x00007ffe65d20000 - 0x00007ffe65d74000 	C:\Windows\system32\SHLWAPI.dll
0x00007ffe66730000 - 0x00007ffe668a7000 	C:\Windows\system32\USER32.dll
0x00007ffe66b00000 - 0x00007ffe66c94000 	C:\Windows\system32\ole32.dll
0x00007ffe66e80000 - 0x00007ffe68399000 	C:\Windows\system32\SHELL32.dll
0x00007ffe64a50000 - 0x00007ffe64a71000 	C:\Windows\SYSTEM32\USERENV.dll
0x00007ffe663f0000 - 0x00007ffe6649a000 	C:\Windows\system32\ADVAPI32.dll
0x00007ffe5a810000 - 0x00007ffe5a82e000 	C:\Windows\SYSTEM32\MPR.dll
0x00007ffe664a0000 - 0x00007ffe665e1000 	C:\Windows\system32\RPCRT4.dll
0x00007ffe66a80000 - 0x00007ffe66ad9000 	C:\Windows\SYSTEM32\sechost.dll
0x00007ffe65e30000 - 0x00007ffe66041000 	C:\Windows\SYSTEM32\combase.dll
0x00007ffe65a30000 - 0x00007ffe65b7f000 	C:\Windows\system32\GDI32.dll
0x00007ffe65500000 - 0x00007ffe65515000 	C:\Windows\SYSTEM32\profapi.dll
0x00007ffe63a60000 - 0x00007ffe63b12000 	C:\Windows\SYSTEM32\SHCORE.dll
0x00007ffe668c0000 - 0x00007ffe668f6000 	C:\Windows\system32\IMM32.DLL
0x00007ffe66050000 - 0x00007ffe661a2000 	C:\Windows\system32\MSCTF.dll
0x00007ffe654b0000 - 0x00007ffe654e1000 	C:\Windows\system32\nvinitx.dll
0x00007ffe654a0000 - 0x00007ffe654aa000 	C:\Windows\SYSTEM32\VERSION.dll
0x000000000f000000 - 0x000000000f006000 	C:\Program Files\NVIDIA Corporation\CoProcManager\_etoured.dll
0x00007ffe62de0000 - 0x00007ffe62e12000 	C:\Program Files\NVIDIA Corporation\CoProcManager\nvd3d9wrapx.dll
0x00007ffe66ca0000 - 0x00007ffe66e7a000 	C:\Windows\system32\SETUPAPI.dll
0x00007ffe658c0000 - 0x00007ffe6590f000 	C:\Windows\system32\CFGMGR32.dll
0x00007ffe630e0000 - 0x00007ffe63102000 	C:\Program Files\NVIDIA Corporation\CoProcManager\nvdxgiwrapx.dll
0x00007ffe63580000 - 0x00007ffe637fa000 	C:\Windows\WinSxS\amd64_microsoft.windows.common-controls_6595b64144ccf1df_6.0.9600.17810_none_6240b9c7ecbd0bda\COMCTL32.dll
0x000000006a1e0000 - 0x000000006a2b2000 	C:\Program Files\Java\jre1.8.0_51\bin\msvcr100.dll
0x000000006a5f0000 - 0x000000006ae73000 	C:\Program Files\Java\jre1.8.0_51\bin\server\jvm.dll
0x00007ffe5b540000 - 0x00007ffe5b549000 	C:\Windows\SYSTEM32\WSOCK32.dll
0x00007ffe62f90000 - 0x00007ffe62fb2000 	C:\Windows\SYSTEM32\WINMM.dll
0x00007ffe66ae0000 - 0x00007ffe66ae7000 	C:\Windows\system32\PSAPI.DLL
0x00007ffe66960000 - 0x00007ffe669ba000 	C:\Windows\system32\WS2_32.dll
0x00007ffe62da0000 - 0x00007ffe62dca000 	C:\Windows\SYSTEM32\WINMMBASE.dll
0x00007ffe65c40000 - 0x00007ffe65c49000 	C:\Windows\system32\NSI.dll
0x00007ffe642c0000 - 0x00007ffe642e8000 	C:\Windows\SYSTEM32\DEVOBJ.dll
0x000000006b260000 - 0x000000006b26f000 	C:\Program Files\Java\jre1.8.0_51\bin\verify.dll
0x000000006b230000 - 0x000000006b259000 	C:\Program Files\Java\jre1.8.0_51\bin\java.dll
0x000000006b210000 - 0x000000006b226000 	C:\Program Files\Java\jre1.8.0_51\bin\zip.dll
0x000000006a450000 - 0x000000006a5e8000 	C:\Program Files\Java\jre1.8.0_51\bin\awt.dll
0x00007ffe65c50000 - 0x00007ffe65d11000 	C:\Windows\system32\OLEAUT32.dll
0x00007ffe63860000 - 0x00007ffe63881000 	C:\Windows\system32\DWMAPI.DLL
0x00007ffe640f0000 - 0x00007ffe64219000 	C:\Windows\system32\uxtheme.dll
0x00007ffe642f0000 - 0x00007ffe642fb000 	C:\Windows\SYSTEM32\kernel.appcore.dll
0x00007ffe65320000 - 0x00007ffe6532b000 	C:\Windows\SYSTEM32\CRYPTBASE.dll
0x00007ffe652b0000 - 0x00007ffe65313000 	C:\Windows\SYSTEM32\bcryptPrimitives.dll
0x000000006a400000 - 0x000000006a447000 	C:\Program Files\Java\jre1.8.0_51\bin\fontmanager.dll
0x00007ffe64d20000 - 0x00007ffe64d40000 	C:\Windows\SYSTEM32\CRYPTSP.dll
0x00007ffe64940000 - 0x00007ffe64976000 	C:\Windows\system32\rsaenh.dll
0x00007ffe64f70000 - 0x00007ffe64f96000 	C:\Windows\SYSTEM32\bcrypt.dll
0x000000006b1f0000 - 0x000000006b20a000 	C:\Program Files\Java\jre1.8.0_51\bin\net.dll
0x00007ffe64cc0000 - 0x00007ffe64d19000 	C:\Windows\system32\mswsock.dll
0x00007ffe5e0b0000 - 0x00007ffe5e0da000 	C:\Windows\SYSTEM32\IPHLPAPI.DLL
0x00007ffe5e050000 - 0x00007ffe5e05a000 	C:\Windows\SYSTEM32\WINNSI.DLL
0x00007ffe5dcb0000 - 0x00007ffe5dcc6000 	C:\Windows\SYSTEM32\dhcpcsvc6.DLL
0x00007ffe5ddc0000 - 0x00007ffe5ddda000 	C:\Windows\SYSTEM32\dhcpcsvc.DLL
0x000000006b1d0000 - 0x000000006b1e1000 	C:\Program Files\Java\jre1.8.0_51\bin\nio.dll
0x0000000070040000 - 0x0000000070052000 	C:\Users\Mateus\Desktop\javaApp\comunicacaosensores.dll
0x00007ffe5aa30000 - 0x00007ffe5abb9000 	C:\Windows\SYSTEM32\dbghelp.dll

VM Arguments:
jvm_args: -Djna.library.path=&{projecto_loc} -Dfile.encoding=Cp1252 
java_command: br.edu.ifba.embarcados.javaapp.Executor
java_class_path (initial): C:\Users\Mateus\Desktop\javaApp\bin;C:\Users\Mateus\Desktop\javaApp\lib\jna.jar
Launcher Type: SUN_STANDARD

Environment Variables:
PATH=C:/Program Files/Java/jre1.8.0_51/bin/server;C:/Program Files/Java/jre1.8.0_51/bin;C:/Program Files/Java/jre1.8.0_51/lib/amd64;C:\ProgramData\Oracle\Java\javapath;C:\Windows\system32;C:\Windows;C:\Windows\System32\Wbem;C:\Windows\System32\WindowsPowerShell\v1.0\;C:\Program Files (x86)\NVIDIA Corporation\PhysX\Common;C:\Program Files (x86)\MySQL\MySQL Fabric 1.5.4 & MySQL Utilities 1.5.4 1.5\;C:\Program Files (x86)\MySQL\MySQL Fabric 1.5.4 & MySQL Utilities 1.5.4 1.5\Doctrine extensions for PHP\;C:\Program Files\Java\jdk1.8.0_51\bin;C:\Program Files\MySQL\MySQL Server 5.6\bin\;C:\Program Files\Intel\WiFi\bin\;C:\Program Files\Common Files\Intel\WirelessCommon\;C:\Program Files (x86)\Skype\Phone\;C:\Python27\;C:\Python27\Scripts\;C:\Program Files (x86)\Windows Kits\8.1\Windows Performance Toolkit\;C:\Program Files\Microsoft SQL Server\110\Tools\Binn\;C:\Program Files (x86)\Microsoft SDKs\TypeScript\1.0\;C:\Program Files\Microsoft SQL Server\120\Tools\Binn\;C:\Program Files\nodejs\;C:\MinGW\bin;C:\Users\Mateus\AppData\Roaming\npm;C:\Desenvolvimento\Java\eclipse;
USERNAME=Mateus
OS=Windows_NT
PROCESSOR_IDENTIFIER=Intel64 Family 6 Model 69 Stepping 1, GenuineIntel



---------------  S Y S T E M  ---------------

OS: Windows 8.1 , 64 bit Build 9600 (6.3.9600.17415)

CPU:total 4 (2 cores per cpu, 2 threads per core) family 6 model 69 stepping 1, cmov, cx8, fxsr, mmx, sse, sse2, sse3, ssse3, sse4.1, sse4.2, popcnt, avx, avx2, aes, clmul, erms, lzcnt, ht, tsc, tscinvbit, bmi1, bmi2

Memory: 4k page, physical 8291404k(4080928k free), swap 9602124k(3106896k free)

vm_info: Java HotSpot(TM) 64-Bit Server VM (25.51-b03) for windows-amd64 JRE (1.8.0_51-b16), built on Jun  8 2015 18:03:07 by "java_re" with MS VC++ 10.0 (VS2010)

time: Wed Nov 18 20:41:49 2015
elapsed time: 10 seconds (0d 0h 0m 10s)

