#
# A fatal error has been detected by the Java Runtime Environment:
#
#  EXCEPTION_ACCESS_VIOLATION (0xc0000005) at pc=0x0000000180016213, pid=6288, tid=2704
#
# JRE version: Java(TM) SE Runtime Environment (8.0_51-b16) (build 1.8.0_51-b16)
# Java VM: Java HotSpot(TM) 64-Bit Server VM (25.51-b03 mixed mode windows-amd64 compressed oops)
# Problematic frame:
# C  0x0000000180016213
#
# Failed to write core dump. Minidumps are not enabled by default on client versions of Windows
#
# If you would like to submit a bug report, please visit:
#   http://bugreport.java.com/bugreport/crash.jsp
# The crash happened outside the Java Virtual Machine in native code.
# See problematic frame for where to report the bug.
#

---------------  T H R E A D  ---------------

Current thread (0x000000000a50f000):  JavaThread "Thread-2" [_thread_in_native, id=2704, stack(0x000000000bc60000,0x000000000bd60000)]

siginfo: ExceptionCode=0xc0000005, ExceptionInformation=0x0000000000000008 0x0000000180016213

Registers:
RAX=0x0000000000000000, RBX=0x000000000b32ad30, RCX=0x0000000000000000, RDX=0x0000000000000000
RSP=0x000000000bd5ee30, RBP=0x000000000bd5ee50, RSI=0x0000000020002260, RDI=0x000000000bd5ef18
R8 =0x000000000bd5ed08, R9 =0x000000000bd5ee50, R10=0x0000000000000000, R11=0x0000000000000246
R12=0x0000000000000000, R13=0x000000000b32ad30, R14=0x000000000bd5f1a8, R15=0x000000000a50f000
RIP=0x0000000180016213, EFLAGS=0x0000000000010206

Top of Stack: (sp=0x000000000bd5ee30)
0x000000000bd5ee30:   0000000000000000 000000000bd5ee50
0x000000000bd5ee40:   000000000bd5eea8 000000000f0174c0
0x000000000bd5ee50:   000000000bd5ee30 000000000f017730
0x000000000bd5ee60:   000000000bd5eea0 000000018000ec6a
0x000000000bd5ee70:   000000018000e580 000000000bd5eea8
0x000000000bd5ee80:   0000000000000020 000000000000000a
0x000000000bd5ee90:   000000000bd5f0d0 0000000070041490
0x000000000bd5eea0:   cccccccccccccccc 000000000bd5ef60
0x000000000bd5eeb0:   000000000bd5f0d0 000000000bd5ef60
0x000000000bd5eec0:   cccccccccccccccc cccccccccccccccc
0x000000000bd5eed0:   cccccccccccccccc 0000000000000000
0x000000000bd5eee0:   cccccccccccccccc cccccccccccccccc
0x000000000bd5eef0:   cccccccccccccccc cccccccc00000001
0x000000000bd5ef00:   00002252570ab325 cccccccccccccccc
0x000000000bd5ef10:   cccccccccccccccc 0000000000000000
0x000000000bd5ef20:   000000000bd5ef60 00000001800020bb 

Instructions: (pc=0x0000000180016213)
0x00000001800161f3:   
[error occurred during error reporting (printing registers, top of stack, instructions near pc), id 0xc0000005]

Register to memory mapping:

RAX=0x0000000000000000 is an unknown value
RBX={method} {0x000000000b32ad38} 'invokeInt' '(JI[Ljava/lang/Object;)I' in 'com/sun/jna/Native'
RCX=0x0000000000000000 is an unknown value
RDX=0x0000000000000000 is an unknown value
RSP=0x000000000bd5ee30 is pointing into the stack for thread: 0x000000000a50f000
RBP=0x000000000bd5ee50 is pointing into the stack for thread: 0x000000000a50f000
RSI=0x0000000020002260 is an unknown value
RDI=0x000000000bd5ef18 is pointing into the stack for thread: 0x000000000a50f000
R8 =0x000000000bd5ed08 is pointing into the stack for thread: 0x000000000a50f000
R9 =0x000000000bd5ee50 is pointing into the stack for thread: 0x000000000a50f000
R10=0x0000000000000000 is an unknown value
R11=0x0000000000000246 is an unknown value
R12=0x0000000000000000 is an unknown value
R13={method} {0x000000000b32ad38} 'invokeInt' '(JI[Ljava/lang/Object;)I' in 'com/sun/jna/Native'
R14=0x000000000bd5f1a8 is pointing into the stack for thread: 0x000000000a50f000
R15=0x000000000a50f000 is a thread


Stack: [0x000000000bc60000,0x000000000bd60000],  sp=0x000000000bd5ee30,  free space=1019k
Native frames: (J=compiled Java code, j=interpreted, Vv=VM code, C=native code)
C  0x0000000180016213

Java frames: (J=compiled Java code, j=interpreted, Vv=VM code)
j  com.sun.jna.Native.invokeInt(JI[Ljava/lang/Object;)I+0
j  com.sun.jna.Function.invoke([Ljava/lang/Object;Ljava/lang/Class;Z)Ljava/lang/Object;+333
J 1034 C1 com.sun.jna.Function.invoke(Ljava/lang/Class;[Ljava/lang/Object;Ljava/util/Map;)Ljava/lang/Object; (526 bytes) @ 0x000000000f3636e4 [0x000000000f362340+0x13a4]
J 1033 C1 com.sun.jna.Library$Handler.invoke(Ljava/lang/Object;Ljava/lang/reflect/Method;[Ljava/lang/Object;)Ljava/lang/Object; (345 bytes) @ 0x000000000f36a76c [0x000000000f3685c0+0x21ac]
j  com.sun.proxy.$Proxy0.ler()I+9
j  br.edu.ifba.embarcados.javaapp.asincexec.AsincExec.run()V+26
j  java.lang.Thread.run()V+11
v  ~StubRoutines::call_stub

---------------  P R O C E S S  ---------------

Java Threads: ( => current thread )
  0x000000000a7a2800 JavaThread "Thread-0" daemon [_thread_in_native, id=2424, stack(0x000000000bd90000,0x000000000be90000)]
=>0x000000000a50f000 JavaThread "Thread-2" [_thread_in_native, id=2704, stack(0x000000000bc60000,0x000000000bd60000)]
  0x000000000a4a9000 JavaThread "TimerQueue" daemon [_thread_blocked, id=8996, stack(0x000000000b020000,0x000000000b120000)]
  0x0000000009cee800 JavaThread "AWT-EventQueue-0" [_thread_blocked, id=6332, stack(0x000000000a310000,0x000000000a410000)]
  0x0000000009cce800 JavaThread "AWT-Shutdown" [_thread_blocked, id=3852, stack(0x000000000a000000,0x000000000a100000)]
  0x0000000009ccc000 JavaThread "Java2D Disposer" daemon [_thread_blocked, id=4760, stack(0x0000000009f00000,0x000000000a000000)]
  0x000000000992d800 JavaThread "Service Thread" daemon [_thread_blocked, id=2844, stack(0x0000000009d00000,0x0000000009e00000)]
  0x00000000080b7000 JavaThread "C1 CompilerThread2" daemon [_thread_blocked, id=4592, stack(0x0000000009800000,0x0000000009900000)]
  0x00000000080b1000 JavaThread "C2 CompilerThread1" daemon [_thread_blocked, id=7072, stack(0x0000000009700000,0x0000000009800000)]
  0x00000000080aa800 JavaThread "C2 CompilerThread0" daemon [_thread_blocked, id=4604, stack(0x0000000009600000,0x0000000009700000)]
  0x00000000080b6000 JavaThread "Attach Listener" daemon [_thread_blocked, id=1212, stack(0x0000000009500000,0x0000000009600000)]
  0x00000000080b5800 JavaThread "Signal Dispatcher" daemon [_thread_blocked, id=1444, stack(0x0000000009400000,0x0000000009500000)]
  0x0000000002547800 JavaThread "Finalizer" daemon [_thread_blocked, id=5172, stack(0x0000000009300000,0x0000000009400000)]
  0x0000000008079800 JavaThread "Reference Handler" daemon [_thread_blocked, id=4540, stack(0x0000000009200000,0x0000000009300000)]
  0x0000000002450800 JavaThread "main" [_thread_blocked, id=2532, stack(0x0000000002350000,0x0000000002450000)]

Other Threads:
  0x0000000008077000 VMThread [stack: 0x0000000009100000,0x0000000009200000] [id=3660]
  0x0000000009932800 WatcherThread [stack: 0x0000000009e00000,0x0000000009f00000] [id=4456]

VM state:not at safepoint (normal execution)

VM Mutex/Monitor currently owned by a thread: None

Heap:
 PSYoungGen      total 38400K, used 21292K [0x00000000d5d00000, 0x00000000d8780000, 0x0000000100000000)
  eden space 33280K, 63% used [0x00000000d5d00000,0x00000000d71cb290,0x00000000d7d80000)
  from space 5120K, 0% used [0x00000000d8280000,0x00000000d8280000,0x00000000d8780000)
  to   space 5120K, 0% used [0x00000000d7d80000,0x00000000d7d80000,0x00000000d8280000)
 ParOldGen       total 87552K, used 0K [0x0000000081600000, 0x0000000086b80000, 0x00000000d5d00000)
  object space 87552K, 0% used [0x0000000081600000,0x0000000081600000,0x0000000086b80000)
 Metaspace       used 11729K, capacity 11960K, committed 12288K, reserved 1060864K
  class space    used 1426K, capacity 1510K, committed 1536K, reserved 1048576K

Card table byte_map: [0x0000000002910000,0x0000000002d10000] byte_map_base: 0x0000000002505000

Marking Bits: (ParMarkBitMap*) 0x000000006adf4040
 Begin Bits: [0x00000000033c0000, 0x0000000005368000)
 End Bits:   [0x0000000005368000, 0x0000000007310000)

Polling page: 0x00000000008a0000

CodeCache: size=245760Kb used=3467Kb max_used=3467Kb free=242292Kb
 bounds [0x000000000f010000, 0x000000000f380000, 0x000000001e010000]
 total_blobs=1547 nmethods=1055 adapters=405
 compilation: enabled

Compilation events (10 events):
Event: 6.112 Thread 0x00000000080b7000 1051       3       java.awt.Component::isShowing (38 bytes)
Event: 6.112 Thread 0x00000000080b7000 nmethod 1051 0x000000000f371e10 code [0x000000000f371f80, 0x000000000f3722c8]
Event: 6.325 Thread 0x00000000080b7000 1052   !   3       sun.awt.AWTAutoShutdown::notifyThreadBusy (88 bytes)
Event: 6.325 Thread 0x00000000080b1000 1053       4       java.nio.Buffer::hasRemaining (17 bytes)
Event: 6.325 Thread 0x00000000080b1000 nmethod 1053 0x000000000f347c50 code [0x000000000f347d80, 0x000000000f347df8]
Event: 6.325 Thread 0x00000000080b7000 nmethod 1052 0x000000000f374350 code [0x000000000f374500, 0x000000000f374c98]
Event: 6.427 Thread 0x00000000080b7000 1054       3       java.beans.PropertyChangeSupport::firePropertyChange (81 bytes)
Event: 6.430 Thread 0x00000000080b7000 nmethod 1054 0x000000000f372c90 code [0x000000000f372ec0, 0x000000000f373e48]
Event: 6.430 Thread 0x00000000080b7000 1055       3       javax.swing.text.AbstractDocument::getLength (12 bytes)
Event: 6.430 Thread 0x00000000080b7000 nmethod 1055 0x000000000f372390 code [0x000000000f372520, 0x000000000f372a30]

GC Heap History (0 events):
No events

Deoptimization events (10 events):
Event: 0.626 Thread 0x000000000a50f000 Uncommon trap: reason=class_check action=maybe_recompile pc=0x000000000f27cef8 method=java.util.HashMap.putVal(ILjava/lang/Object;Ljava/lang/Object;ZZ)Ljava/lang/Object; @ 253
Event: 0.626 Thread 0x000000000a50f000 Uncommon trap: reason=class_check action=maybe_recompile pc=0x000000000f27cef8 method=java.util.HashMap.putVal(ILjava/lang/Object;Ljava/lang/Object;ZZ)Ljava/lang/Object; @ 253
Event: 0.626 Thread 0x000000000a50f000 Uncommon trap: reason=class_check action=maybe_recompile pc=0x000000000f27cef8 method=java.util.HashMap.putVal(ILjava/lang/Object;Ljava/lang/Object;ZZ)Ljava/lang/Object; @ 253
Event: 0.626 Thread 0x000000000a50f000 Uncommon trap: reason=class_check action=maybe_recompile pc=0x000000000f27cef8 method=java.util.HashMap.putVal(ILjava/lang/Object;Ljava/lang/Object;ZZ)Ljava/lang/Object; @ 253
Event: 0.886 Thread 0x000000000a50f000 Uncommon trap: reason=unstable_if action=reinterpret pc=0x000000000f2aa29c method=java.util.HashMap.getNode(ILjava/lang/Object;)Ljava/util/HashMap$Node; @ 62
Event: 0.886 Thread 0x000000000a50f000 Uncommon trap: reason=bimorphic action=maybe_recompile pc=0x000000000f2d095c method=java.util.HashMap.putVal(ILjava/lang/Object;Ljava/lang/Object;ZZ)Ljava/lang/Object; @ 91
Event: 0.886 Thread 0x000000000a50f000 Uncommon trap: reason=bimorphic action=maybe_recompile pc=0x000000000f2d095c method=java.util.HashMap.putVal(ILjava/lang/Object;Ljava/lang/Object;ZZ)Ljava/lang/Object; @ 91
Event: 0.886 Thread 0x000000000a50f000 Uncommon trap: reason=bimorphic action=maybe_recompile pc=0x000000000f2d095c method=java.util.HashMap.putVal(ILjava/lang/Object;Ljava/lang/Object;ZZ)Ljava/lang/Object; @ 91
Event: 0.887 Thread 0x000000000a50f000 Uncommon trap: reason=bimorphic action=maybe_recompile pc=0x000000000f2d0930 method=java.util.HashMap.putVal(ILjava/lang/Object;Ljava/lang/Object;ZZ)Ljava/lang/Object; @ 203
Event: 0.887 Thread 0x000000000a50f000 Uncommon trap: reason=bimorphic action=maybe_recompile pc=0x000000000f2d095c method=java.util.HashMap.putVal(ILjava/lang/Object;Ljava/lang/Object;ZZ)Ljava/lang/Object; @ 91

Internal exceptions (10 events):
Event: 0.054 Thread 0x0000000002450800 Exception <a 'java/lang/NoSuchMethodError': Method sun.misc.Unsafe.prefetchRead(Ljava/lang/Object;J)V name or signature does not match> (0x00000000d5d0d860) thrown at [C:\re\workspace\8-2-build-windows-amd64-cygwin\jdk8u51\3951\hotspot\src\share\vm\prims\j›.±z$¡?
Event: 0.134 Thread 0x0000000002450800 Exception <a 'java/security/PrivilegedActionException'> (0x00000000d5d7f038) thrown at [C:\re\workspace\8-2-build-windows-amd64-cygwin\jdk8u51\3951\hotspot\src\share\vm\prims\jvm.cpp, line 1382]
Event: 0.134 Thread 0x0000000002450800 Exception <a 'java/security/PrivilegedActionException'> (0x00000000d5d7f1f0) thrown at [C:\re\workspace\8-2-build-windows-amd64-cygwin\jdk8u51\3951\hotspot\src\share\vm\prims\jvm.cpp, line 1382]
Event: 0.135 Thread 0x0000000002450800 Exception <a 'java/security/PrivilegedActionException'> (0x00000000d5d82ce8) thrown at [C:\re\workspace\8-2-build-windows-amd64-cygwin\jdk8u51\3951\hotspot\src\share\vm\prims\jvm.cpp, line 1382]
Event: 0.135 Thread 0x0000000002450800 Exception <a 'java/security/PrivilegedActionException'> (0x00000000d5d82ea0) thrown at [C:\re\workspace\8-2-build-windows-amd64-cygwin\jdk8u51\3951\hotspot\src\share\vm\prims\jvm.cpp, line 1382]
Event: 0.152 Thread 0x0000000002450800 Exception <a 'java/io/FileNotFoundException'> (0x00000000d5f06a70) thrown at [C:\re\workspace\8-2-build-windows-amd64-cygwin\jdk8u51\3951\hotspot\src\share\vm\prims\jni.cpp, line 709]
Event: 0.199 Thread 0x0000000002450800 Exception <a 'java/lang/NoSuchFieldError': method resolution failed> (0x00000000d5feebc0) thrown at [C:\re\workspace\8-2-build-windows-amd64-cygwin\jdk8u51\3951\hotspot\src\share\vm\prims\methodHandles.cpp, line 1125]
Event: 0.202 Thread 0x0000000002450800 Exception <a 'java/lang/NoSuchFieldError': method resolution failed> (0x00000000d5ffd600) thrown at [C:\re\workspace\8-2-build-windows-amd64-cygwin\jdk8u51\3951\hotspot\src\share\vm\prims\methodHandles.cpp, line 1125]
Event: 0.230 Thread 0x0000000009cee800 Exception <a 'java/io/FileNotFoundException'> (0x00000000d618faa0) thrown at [C:\re\workspace\8-2-build-windows-amd64-cygwin\jdk8u51\3951\hotspot\src\share\vm\prims\jni.cpp, line 709]
Event: 0.426 Thread 0x0000000002450800 Implicit null exception at 0x000000000f21eafb to 0x000000000f21eb71

Events (10 events):
Event: 4.131 Executing VM operation: EnableBiasedLocking done
Event: 5.507 Thread 0x000000000a4fc000 Thread exited: 0x000000000a4fc000
Event: 6.616 Thread 0x000000000a4fc000 Thread added: 0x000000000a4fc000
Event: 6.616 Thread 0x000000000a7a2800 Thread added: 0x000000000a7a2800
Event: 6.616 Thread 0x000000000a7a3800 Thread added: 0x000000000a7a3800
Event: 6.617 Thread 0x000000000a7a3800 Thread exited: 0x000000000a7a3800
Event: 6.617 loading class java/util/Vector$Itr
Event: 6.618 loading class java/util/Vector$Itr done
Event: 6.619 Thread 0x000000000a4fc000 Thread exited: 0x000000000a4fc000
Event: 6.630 Thread 0x0000000009ccf800 Thread exited: 0x0000000009ccf800


Dynamic libraries:
0x00007ff6acf10000 - 0x00007ff6acf47000 	C:\Program Files\Java\jre1.8.0_51\bin\javaw.exe
0x00007ffe683a0000 - 0x00007ffe6854c000 	C:\Windows\SYSTEM32\ntdll.dll
0x00007ffe665f0000 - 0x00007ffe6672e000 	C:\Windows\system32\KERNEL32.DLL
0x00007ffe65910000 - 0x00007ffe65a25000 	C:\Windows\system32\KERNELBASE.dll
0x00007ffe64050000 - 0x00007ffe640de000 	C:\Windows\system32\apphelp.dll
0x00007ffe47d00000 - 0x00007ffe47d53000 	C:\Windows\AppPatch\AppPatch64\AcGenral.DLL
0x00007ffe65d80000 - 0x00007ffe65e2a000 	C:\Windows\system32\msvcrt.dll
0x00007ffe65280000 - 0x00007ffe652ae000 	C:\Windows\SYSTEM32\SspiCli.dll
0x00007ffe65d20000 - 0x00007ffe65d74000 	C:\Windows\system32\SHLWAPI.dll
0x00007ffe66730000 - 0x00007ffe668a7000 	C:\Windows\system32\USER32.dll
0x00007ffe66b00000 - 0x00007ffe66c94000 	C:\Windows\system32\ole32.dll
0x00007ffe66e80000 - 0x00007ffe68399000 	C:\Windows\system32\SHELL32.dll
0x00007ffe64a50000 - 0x00007ffe64a71000 	C:\Windows\SYSTEM32\USERENV.dll
0x00007ffe663f0000 - 0x00007ffe6649a000 	C:\Windows\system32\ADVAPI32.dll
0x00007ffe5a810000 - 0x00007ffe5a82e000 	C:\Windows\SYSTEM32\MPR.dll
0x00007ffe664a0000 - 0x00007ffe665e1000 	C:\Windows\system32\RPCRT4.dll
0x00007ffe66a80000 - 0x00007ffe66ad9000 	C:\Windows\SYSTEM32\sechost.dll
0x00007ffe65e30000 - 0x00007ffe66041000 	C:\Windows\SYSTEM32\combase.dll
0x00007ffe65a30000 - 0x00007ffe65b7f000 	C:\Windows\system32\GDI32.dll
0x00007ffe65500000 - 0x00007ffe65515000 	C:\Windows\SYSTEM32\profapi.dll
0x00007ffe63a60000 - 0x00007ffe63b12000 	C:\Windows\SYSTEM32\SHCORE.dll
0x00007ffe668c0000 - 0x00007ffe668f6000 	C:\Windows\system32\IMM32.DLL
0x00007ffe66050000 - 0x00007ffe661a2000 	C:\Windows\system32\MSCTF.dll
0x00007ffe654b0000 - 0x00007ffe654e1000 	C:\Windows\system32\nvinitx.dll
0x00007ffe654a0000 - 0x00007ffe654aa000 	C:\Windows\SYSTEM32\VERSION.dll
0x000000000f000000 - 0x000000000f006000 	C:\Program Files\NVIDIA Corporation\CoProcManager\_etoured.dll
0x00007ffe62de0000 - 0x00007ffe62e12000 	C:\Program Files\NVIDIA Corporation\CoProcManager\nvd3d9wrapx.dll
0x00007ffe66ca0000 - 0x00007ffe66e7a000 	C:\Windows\system32\SETUPAPI.dll
0x00007ffe658c0000 - 0x00007ffe6590f000 	C:\Windows\system32\CFGMGR32.dll
0x00007ffe630e0000 - 0x00007ffe63102000 	C:\Program Files\NVIDIA Corporation\CoProcManager\nvdxgiwrapx.dll
0x00007ffe63580000 - 0x00007ffe637fa000 	C:\Windows\WinSxS\amd64_microsoft.windows.common-controls_6595b64144ccf1df_6.0.9600.17810_none_6240b9c7ecbd0bda\COMCTL32.dll
0x000000006a2d0000 - 0x000000006a3a2000 	C:\Program Files\Java\jre1.8.0_51\bin\msvcr100.dll
0x000000006a5f0000 - 0x000000006ae73000 	C:\Program Files\Java\jre1.8.0_51\bin\server\jvm.dll
0x00007ffe5b540000 - 0x00007ffe5b549000 	C:\Windows\SYSTEM32\WSOCK32.dll
0x00007ffe62f90000 - 0x00007ffe62fb2000 	C:\Windows\SYSTEM32\WINMM.dll
0x00007ffe66ae0000 - 0x00007ffe66ae7000 	C:\Windows\system32\PSAPI.DLL
0x00007ffe66960000 - 0x00007ffe669ba000 	C:\Windows\system32\WS2_32.dll
0x00007ffe62da0000 - 0x00007ffe62dca000 	C:\Windows\SYSTEM32\WINMMBASE.dll
0x00007ffe65c40000 - 0x00007ffe65c49000 	C:\Windows\system32\NSI.dll
0x00007ffe642c0000 - 0x00007ffe642e8000 	C:\Windows\SYSTEM32\DEVOBJ.dll
0x000000006b260000 - 0x000000006b26f000 	C:\Program Files\Java\jre1.8.0_51\bin\verify.dll
0x000000006b230000 - 0x000000006b259000 	C:\Program Files\Java\jre1.8.0_51\bin\java.dll
0x000000006b210000 - 0x000000006b226000 	C:\Program Files\Java\jre1.8.0_51\bin\zip.dll
0x000000006a450000 - 0x000000006a5e8000 	C:\Program Files\Java\jre1.8.0_51\bin\awt.dll
0x00007ffe65c50000 - 0x00007ffe65d11000 	C:\Windows\system32\OLEAUT32.dll
0x00007ffe640f0000 - 0x00007ffe64219000 	C:\Windows\system32\uxtheme.dll
0x00007ffe63860000 - 0x00007ffe63881000 	C:\Windows\system32\dwmapi.dll
0x00007ffe642f0000 - 0x00007ffe642fb000 	C:\Windows\SYSTEM32\kernel.appcore.dll
0x00007ffe65320000 - 0x00007ffe6532b000 	C:\Windows\SYSTEM32\CRYPTBASE.dll
0x00007ffe652b0000 - 0x00007ffe65313000 	C:\Windows\SYSTEM32\bcryptPrimitives.dll
0x000000006a400000 - 0x000000006a447000 	C:\Program Files\Java\jre1.8.0_51\bin\fontmanager.dll
0x000000006b1f0000 - 0x000000006b20a000 	C:\Program Files\Java\jre1.8.0_51\bin\net.dll
0x00007ffe64cc0000 - 0x00007ffe64d19000 	C:\Windows\system32\mswsock.dll
0x000000006b1d0000 - 0x000000006b1e1000 	C:\Program Files\Java\jre1.8.0_51\bin\nio.dll
0x000000006a3b0000 - 0x000000006a3f2000 	C:\Program Files\Java\jre1.8.0_51\bin\t2k.dll
0x00007ffe65b80000 - 0x00007ffe65c36000 	C:\Windows\SYSTEM32\clbcatq.dll
0x00007ffe60110000 - 0x00007ffe602be000 	C:\Windows\SYSTEM32\WindowsCodecs.dll
0x00007ffe64d20000 - 0x00007ffe64d40000 	C:\Windows\SYSTEM32\CRYPTSP.dll
0x00007ffe64940000 - 0x00007ffe64976000 	C:\Windows\system32\rsaenh.dll
0x00007ffe64f70000 - 0x00007ffe64f96000 	C:\Windows\SYSTEM32\bcrypt.dll
0x00007ffe5e0b0000 - 0x00007ffe5e0da000 	C:\Windows\SYSTEM32\IPHLPAPI.DLL
0x00007ffe5e050000 - 0x00007ffe5e05a000 	C:\Windows\SYSTEM32\WINNSI.DLL
0x00007ffe5dcb0000 - 0x00007ffe5dcc6000 	C:\Windows\SYSTEM32\dhcpcsvc6.DLL
0x00007ffe5ddc0000 - 0x00007ffe5ddda000 	C:\Windows\SYSTEM32\dhcpcsvc.DLL
0x0000000070040000 - 0x0000000070052000 	C:\Users\Mateus\Desktop\javaApp\comunicacaosensores.dll
0x00007ffe5aa30000 - 0x00007ffe5abb9000 	C:\Windows\SYSTEM32\dbghelp.dll

VM Arguments:
jvm_args: -Dfile.encoding=Cp1252 
java_command: br.edu.ifba.embarcados.javaapp.janela.ListenerJanela
java_class_path (initial): C:\Users\Mateus\Desktop\javaApp\bin;C:\Users\Mateus\Desktop\javaApp\lib\jna.jar
Launcher Type: SUN_STANDARD

Environment Variables:
PATH=C:/Program Files/Java/jre1.8.0_51/bin/server;C:/Program Files/Java/jre1.8.0_51/bin;C:/Program Files/Java/jre1.8.0_51/lib/amd64;C:\ProgramData\Oracle\Java\javapath;C:\Windows\system32;C:\Windows;C:\Windows\System32\Wbem;C:\Windows\System32\WindowsPowerShell\v1.0\;C:\Program Files (x86)\NVIDIA Corporation\PhysX\Common;C:\Program Files (x86)\MySQL\MySQL Fabric 1.5.4 & MySQL Utilities 1.5.4 1.5\;C:\Program Files (x86)\MySQL\MySQL Fabric 1.5.4 & MySQL Utilities 1.5.4 1.5\Doctrine extensions for PHP\;C:\Program Files\Java\jdk1.8.0_51\bin;C:\Program Files\MySQL\MySQL Server 5.6\bin\;C:\Program Files\Intel\WiFi\bin\;C:\Program Files\Common Files\Intel\WirelessCommon\;C:\Program Files (x86)\Skype\Phone\;C:\Python27\;C:\Python27\Scripts\;C:\Program Files (x86)\Windows Kits\8.1\Windows Performance Toolkit\;C:\Program Files\Microsoft SQL Server\110\Tools\Binn\;C:\Program Files (x86)\Microsoft SDKs\TypeScript\1.0\;C:\Program Files\Microsoft SQL Server\120\Tools\Binn\;C:\Program Files\nodejs\;C:\MinGW\bin;C:\Users\Mateus\AppData\Roaming\npm;C:\Desenvolvimento\Java\eclipse;
USERNAME=Mateus
OS=Windows_NT
PROCESSOR_IDENTIFIER=Intel64 Family 6 Model 69 Stepping 1, GenuineIntel



---------------  S Y S T E M  ---------------

OS: Windows 8.1 , 64 bit Build 9600 (6.3.9600.17415)

CPU:total 4 (2 cores per cpu, 2 threads per core) family 6 model 69 stepping 1, cmov, cx8, fxsr, mmx, sse, sse2, sse3, ssse3, sse4.1, sse4.2, popcnt, avx, avx2, aes, clmul, erms, lzcnt, ht, tsc, tscinvbit, bmi1, bmi2

Memory: 4k page, physical 8291404k(3245484k free), swap 9602124k(2431544k free)

vm_info: Java HotSpot(TM) 64-Bit Server VM (25.51-b03) for windows-amd64 JRE (1.8.0_51-b16), built on Jun  8 2015 18:03:07 by "java_re" with MS VC++ 10.0 (VS2010)

time: Wed Nov 18 22:46:06 2015
elapsed time: 6 seconds (0d 0h 0m 6s)

