#
# A fatal error has been detected by the Java Runtime Environment:
#
#  EXCEPTION_ACCESS_VIOLATION (0xc0000005) at pc=0x0000000180016213, pid=7556, tid=1364
#
# JRE version: Java(TM) SE Runtime Environment (8.0_51-b16) (build 1.8.0_51-b16)
# Java VM: Java HotSpot(TM) 64-Bit Server VM (25.51-b03 mixed mode windows-amd64 compressed oops)
# Problematic frame:
# C  0x0000000180016213
#
# Failed to write core dump. Minidumps are not enabled by default on client versions of Windows
#
# If you would like to submit a bug report, please visit:
#   http://bugreport.java.com/bugreport/crash.jsp
# The crash happened outside the Java Virtual Machine in native code.
# See problematic frame for where to report the bug.
#

---------------  T H R E A D  ---------------

Current thread (0x000000000a9d6000):  JavaThread "Thread-2" [_thread_in_native, id=1364, stack(0x000000000ba70000,0x000000000bb70000)]

siginfo: ExceptionCode=0xc0000005, ExceptionInformation=0x0000000000000008 0x0000000180016213

Registers:
RAX=0x0000000000000000, RBX=0x000000000875cd30, RCX=0x0000000000000000, RDX=0x0000000000000000
RSP=0x000000000bb6e7b0, RBP=0x000000000bb6e7d0, RSI=0x0000000020002260, RDI=0x000000000bb6e898
R8 =0x000000000bb6e688, R9 =0x000000000bb6e7d0, R10=0x0000000000000000, R11=0x0000000000000246
R12=0x0000000000000000, R13=0x000000000bb6eaf8, R14=0x000000000bb6eac8, R15=0x000000000a9d6000
RIP=0x0000000180016213, EFLAGS=0x0000000000010202

Top of Stack: (sp=0x000000000bb6e7b0)
0x000000000bb6e7b0:   000000000a9d6000 000000000f244c57
0x000000000bb6e7c0:   0000000000000000 000000000f111979
0x000000000bb6e7d0:   000000000bb6e7b0 0000000000000002
0x000000000bb6e7e0:   000000000bb6e820 000000018000ec6a
0x000000000bb6e7f0:   000000018000e580 000000000bb6e828
0x000000000bb6e800:   0000000000000020 000000000000000a
0x000000000bb6e810:   000000000bb6ea50 0000000070041490
0x000000000bb6e820:   cccccccccccccccc 000000000bb6e8e0
0x000000000bb6e830:   000000000bb6ea50 000000000bb6e8e0
0x000000000bb6e840:   cccccccccccccccc cccccccccccccccc
0x000000000bb6e850:   cccccccccccccccc 0000000000000000
0x000000000bb6e860:   cccccccccccccccc cccccccccccccccc
0x000000000bb6e870:   cccccccccccccccc cccccccc00000001
0x000000000bb6e880:   0000225bfa44d8f4 cccccccccccccccc
0x000000000bb6e890:   cccccccccccccccc 000000000000008c
0x000000000bb6e8a0:   000000000bb6e8e0 00000001800020bb 

Instructions: (pc=0x0000000180016213)
0x00000001800161f3:   
[error occurred during error reporting (printing registers, top of stack, instructions near pc), id 0xc0000005]

Register to memory mapping:

RAX=0x0000000000000000 is an unknown value
RBX={method} {0x000000000875cd38} 'invokeInt' '(JI[Ljava/lang/Object;)I' in 'com/sun/jna/Native'
RCX=0x0000000000000000 is an unknown value
RDX=0x0000000000000000 is an unknown value
RSP=0x000000000bb6e7b0 is pointing into the stack for thread: 0x000000000a9d6000
RBP=0x000000000bb6e7d0 is pointing into the stack for thread: 0x000000000a9d6000
RSI=0x0000000020002260 is an unknown value
RDI=0x000000000bb6e898 is pointing into the stack for thread: 0x000000000a9d6000
R8 =0x000000000bb6e688 is pointing into the stack for thread: 0x000000000a9d6000
R9 =0x000000000bb6e7d0 is pointing into the stack for thread: 0x000000000a9d6000
R10=0x0000000000000000 is an unknown value
R11=0x0000000000000246 is an unknown value
R12=0x0000000000000000 is an unknown value
R13=0x000000000bb6eaf8 is pointing into the stack for thread: 0x000000000a9d6000
R14=0x000000000bb6eac8 is pointing into the stack for thread: 0x000000000a9d6000
R15=0x000000000a9d6000 is a thread


Stack: [0x000000000ba70000,0x000000000bb70000],  sp=0x000000000bb6e7b0,  free space=1017k
Native frames: (J=compiled Java code, j=interpreted, Vv=VM code, C=native code)
C  0x0000000180016213

Java frames: (J=compiled Java code, j=interpreted, Vv=VM code)
J 614  com.sun.jna.Native.invokeInt(JI[Ljava/lang/Object;)I (0 bytes) @ 0x000000000f253b1d [0x000000000f253ac0+0x5d]
j  com.sun.jna.Function.invoke([Ljava/lang/Object;Ljava/lang/Class;Z)Ljava/lang/Object;+333
j  com.sun.jna.Function.invoke(Ljava/lang/Class;[Ljava/lang/Object;Ljava/util/Map;)Ljava/lang/Object;+214
j  com.sun.jna.Library$Handler.invoke(Ljava/lang/Object;Ljava/lang/reflect/Method;[Ljava/lang/Object;)Ljava/lang/Object;+341
j  com.sun.proxy.$Proxy0.ler()I+9
j  br.edu.ifba.embarcados.javaapp.asincexec.AsincExec.run()V+26
j  java.lang.Thread.run()V+11
v  ~StubRoutines::call_stub

---------------  P R O C E S S  ---------------

Java Threads: ( => current thread )
  0x00000000089e9800 JavaThread "Thread-0" daemon [_thread_in_native, id=4380, stack(0x000000000b560000,0x000000000b660000)]
=>0x000000000a9d6000 JavaThread "Thread-2" [_thread_in_native, id=1364, stack(0x000000000ba70000,0x000000000bb70000)]
  0x000000000a979000 JavaThread "AWT-EventQueue-0" [_thread_blocked, id=7856, stack(0x000000000b870000,0x000000000b970000)]
  0x000000000a96a000 JavaThread "AWT-Shutdown" [_thread_blocked, id=6408, stack(0x000000000b260000,0x000000000b360000)]
  0x000000000a965800 JavaThread "Java2D Disposer" daemon [_thread_blocked, id=4760, stack(0x000000000b160000,0x000000000b260000)]
  0x000000000a23a800 JavaThread "Service Thread" daemon [_thread_blocked, id=6600, stack(0x000000000a610000,0x000000000a710000)]
  0x00000000089aa000 JavaThread "C1 CompilerThread2" daemon [_thread_blocked, id=6800, stack(0x000000000a110000,0x000000000a210000)]
  0x00000000089a2800 JavaThread "C2 CompilerThread1" daemon [_thread_blocked, id=3156, stack(0x000000000a010000,0x000000000a110000)]
  0x000000000899c800 JavaThread "C2 CompilerThread0" daemon [_thread_blocked, id=8212, stack(0x0000000009f10000,0x000000000a010000)]
  0x00000000089a5800 JavaThread "Attach Listener" daemon [_thread_blocked, id=4612, stack(0x0000000009e10000,0x0000000009f10000)]
  0x00000000089a4800 JavaThread "Signal Dispatcher" daemon [_thread_blocked, id=4296, stack(0x0000000009d10000,0x0000000009e10000)]
  0x0000000002e06000 JavaThread "Finalizer" daemon [_thread_blocked, id=9068, stack(0x0000000009c00000,0x0000000009d00000)]
  0x0000000002dfd000 JavaThread "Reference Handler" daemon [_thread_blocked, id=9020, stack(0x0000000009b00000,0x0000000009c00000)]
  0x0000000002d10800 JavaThread "main" [_thread_blocked, id=4192, stack(0x0000000002be0000,0x0000000002ce0000)]

Other Threads:
  0x0000000008968000 VMThread [stack: 0x0000000009a00000,0x0000000009b00000] [id=4844]
  0x000000000a23d000 WatcherThread [stack: 0x000000000a710000,0x000000000a810000] [id=5412]

VM state:not at safepoint (normal execution)

VM Mutex/Monitor currently owned by a thread: None

Heap:
 PSYoungGen      total 38400K, used 15760K [0x00000000d5d00000, 0x00000000d8780000, 0x0000000100000000)
  eden space 33280K, 47% used [0x00000000d5d00000,0x00000000d6c642d0,0x00000000d7d80000)
  from space 5120K, 0% used [0x00000000d8280000,0x00000000d8280000,0x00000000d8780000)
  to   space 5120K, 0% used [0x00000000d7d80000,0x00000000d7d80000,0x00000000d8280000)
 ParOldGen       total 87552K, used 0K [0x0000000081600000, 0x0000000086b80000, 0x00000000d5d00000)
  object space 87552K, 0% used [0x0000000081600000,0x0000000081600000,0x0000000086b80000)
 Metaspace       used 9866K, capacity 9996K, committed 10240K, reserved 1058816K
  class space    used 1154K, capacity 1218K, committed 1280K, reserved 1048576K

Card table byte_map: [0x00000000031d0000,0x00000000035d0000] byte_map_base: 0x0000000002dc5000

Marking Bits: (ParMarkBitMap*) 0x000000006adf4040
 Begin Bits: [0x0000000003c80000, 0x0000000005c28000)
 End Bits:   [0x0000000005c28000, 0x0000000007bd0000)

Polling page: 0x0000000000fa0000

CodeCache: size=245760Kb used=2447Kb max_used=2447Kb free=243312Kb
 bounds [0x000000000f010000, 0x000000000f280000, 0x000000001e010000]
 total_blobs=1080 nmethods=615 adapters=378
 compilation: enabled

Compilation events (10 events):
Event: 10.702 Thread 0x00000000089aa000  610       3       java.lang.ThreadLocal$ThreadLocalMap::set (136 bytes)
Event: 10.705 Thread 0x00000000089aa000 nmethod 610 0x000000000f25a090 code [0x000000000f25a2a0, 0x000000000f25ad68]
Event: 10.705 Thread 0x00000000089aa000  611   !   3       com.sun.jna.Library$Handler::invoke (345 bytes)
Event: 10.713 Thread 0x00000000089aa000 nmethod 611 0x000000000f25b310 code [0x000000000f25b780, 0x000000000f25e488]
Event: 10.713 Thread 0x00000000089aa000  613       3       com.sun.jna.Function::invoke (1154 bytes)
Event: 10.730 Thread 0x00000000089aa000 nmethod 613 0x000000000f25fd90 code [0x000000000f260e20, 0x000000000f26c2d8]
Event: 10.730 Thread 0x00000000089aa000  615       3       com.sun.jna.Native::updateLastError (15 bytes)
Event: 10.731 Thread 0x00000000089aa000 nmethod 615 0x000000000f273c50 code [0x000000000f273e20, 0x000000000f274558]
Event: 10.731 Thread 0x00000000089aa000  616       3       java.io.BufferedWriter::ensureOpen (18 bytes)
Event: 10.731 Thread 0x00000000089aa000 nmethod 616 0x000000000f274910 code [0x000000000f274a80, 0x000000000f274cc8]

GC Heap History (0 events):
No events

Deoptimization events (0 events):
No events

Internal exceptions (10 events):
Event: 0.040 Thread 0x0000000002d10800 Exception <a 'java/lang/NoSuchMethodError': Method sun.misc.Unsafe.defineClass(Ljava/lang/String;[BII)Ljava/lang/Class; name or signature does not match> (0x00000000d5d0d570) thrown at [C:\re\workspace\8-2-build-windows-amd64-cygwin\jdk8u51\3951\hotspot\srcôV"›Y¤?
Event: 0.040 Thread 0x0000000002d10800 Exception <a 'java/lang/NoSuchMethodError': Method sun.misc.Unsafe.prefetchRead(Ljava/lang/Object;J)V name or signature does not match> (0x00000000d5d0d800) thrown at [C:\re\workspace\8-2-build-windows-amd64-cygwin\jdk8u51\3951\hotspot\src\share\vm\prims\jàÚÑ,¾?
Event: 0.118 Thread 0x0000000002d10800 Exception <a 'java/security/PrivilegedActionException'> (0x00000000d5d7ffa8) thrown at [C:\re\workspace\8-2-build-windows-amd64-cygwin\jdk8u51\3951\hotspot\src\share\vm\prims\jvm.cpp, line 1382]
Event: 0.118 Thread 0x0000000002d10800 Exception <a 'java/security/PrivilegedActionException'> (0x00000000d5d80160) thrown at [C:\re\workspace\8-2-build-windows-amd64-cygwin\jdk8u51\3951\hotspot\src\share\vm\prims\jvm.cpp, line 1382]
Event: 0.119 Thread 0x0000000002d10800 Exception <a 'java/security/PrivilegedActionException'> (0x00000000d5d83c58) thrown at [C:\re\workspace\8-2-build-windows-amd64-cygwin\jdk8u51\3951\hotspot\src\share\vm\prims\jvm.cpp, line 1382]
Event: 0.119 Thread 0x0000000002d10800 Exception <a 'java/security/PrivilegedActionException'> (0x00000000d5d83e10) thrown at [C:\re\workspace\8-2-build-windows-amd64-cygwin\jdk8u51\3951\hotspot\src\share\vm\prims\jvm.cpp, line 1382]
Event: 0.136 Thread 0x0000000002d10800 Exception <a 'java/io/FileNotFoundException'> (0x00000000d5f07c20) thrown at [C:\re\workspace\8-2-build-windows-amd64-cygwin\jdk8u51\3951\hotspot\src\share\vm\prims\jni.cpp, line 709]
Event: 0.156 Thread 0x0000000002d10800 Exception <a 'java/io/FileNotFoundException'> (0x00000000d5f28530) thrown at [C:\re\workspace\8-2-build-windows-amd64-cygwin\jdk8u51\3951\hotspot\src\share\vm\prims\jni.cpp, line 709]
Event: 0.188 Thread 0x0000000002d10800 Exception <a 'java/lang/NoSuchFieldError': method resolution failed> (0x00000000d5ffc2e0) thrown at [C:\re\workspace\8-2-build-windows-amd64-cygwin\jdk8u51\3951\hotspot\src\share\vm\prims\methodHandles.cpp, line 1125]
Event: 0.190 Thread 0x0000000002d10800 Exception <a 'java/lang/NoSuchFieldError': method resolution failed> (0x00000000d600ad20) thrown at [C:\re\workspace\8-2-build-windows-amd64-cygwin\jdk8u51\3951\hotspot\src\share\vm\prims\methodHandles.cpp, line 1125]

Events (10 events):
Event: 4.116 Executing VM operation: EnableBiasedLocking
Event: 4.117 Executing VM operation: EnableBiasedLocking done
Event: 10.714 Thread 0x00000000089e9000 Thread added: 0x00000000089e9000
Event: 10.714 Thread 0x00000000089e9800 Thread added: 0x00000000089e9800
Event: 10.714 Thread 0x00000000089ea800 Thread added: 0x00000000089ea800
Event: 10.714 Thread 0x00000000089ea800 Thread exited: 0x00000000089ea800
Event: 10.715 loading class sun/reflect/UnsafeObjectFieldAccessorImpl
Event: 10.715 loading class sun/reflect/UnsafeObjectFieldAccessorImpl done
Event: 10.717 Thread 0x00000000089e9000 Thread exited: 0x00000000089e9000
Event: 10.719 Thread 0x000000000a96c000 Thread exited: 0x000000000a96c000


Dynamic libraries:
0x00007ff6acf10000 - 0x00007ff6acf47000 	C:\Program Files\Java\jre1.8.0_51\bin\javaw.exe
0x00007ffe683a0000 - 0x00007ffe6854c000 	C:\Windows\SYSTEM32\ntdll.dll
0x00007ffe665f0000 - 0x00007ffe6672e000 	C:\Windows\system32\KERNEL32.DLL
0x00007ffe65910000 - 0x00007ffe65a25000 	C:\Windows\system32\KERNELBASE.dll
0x00007ffe64050000 - 0x00007ffe640de000 	C:\Windows\system32\apphelp.dll
0x00007ffe4fcf0000 - 0x00007ffe4fd43000 	C:\Windows\AppPatch\AppPatch64\AcGenral.DLL
0x00007ffe65d80000 - 0x00007ffe65e2a000 	C:\Windows\system32\msvcrt.dll
0x00007ffe65280000 - 0x00007ffe652ae000 	C:\Windows\SYSTEM32\SspiCli.dll
0x00007ffe65d20000 - 0x00007ffe65d74000 	C:\Windows\system32\SHLWAPI.dll
0x00007ffe66730000 - 0x00007ffe668a7000 	C:\Windows\system32\USER32.dll
0x00007ffe66b00000 - 0x00007ffe66c94000 	C:\Windows\system32\ole32.dll
0x00007ffe66e80000 - 0x00007ffe68399000 	C:\Windows\system32\SHELL32.dll
0x00007ffe64a50000 - 0x00007ffe64a71000 	C:\Windows\SYSTEM32\USERENV.dll
0x00007ffe663f0000 - 0x00007ffe6649a000 	C:\Windows\system32\ADVAPI32.dll
0x00007ffe5a810000 - 0x00007ffe5a82e000 	C:\Windows\SYSTEM32\MPR.dll
0x00007ffe664a0000 - 0x00007ffe665e1000 	C:\Windows\system32\RPCRT4.dll
0x00007ffe66a80000 - 0x00007ffe66ad9000 	C:\Windows\SYSTEM32\sechost.dll
0x00007ffe65e30000 - 0x00007ffe66041000 	C:\Windows\SYSTEM32\combase.dll
0x00007ffe65a30000 - 0x00007ffe65b7f000 	C:\Windows\system32\GDI32.dll
0x00007ffe65500000 - 0x00007ffe65515000 	C:\Windows\SYSTEM32\profapi.dll
0x00007ffe63a60000 - 0x00007ffe63b12000 	C:\Windows\SYSTEM32\SHCORE.dll
0x00007ffe668c0000 - 0x00007ffe668f6000 	C:\Windows\system32\IMM32.DLL
0x00007ffe66050000 - 0x00007ffe661a2000 	C:\Windows\system32\MSCTF.dll
0x00007ffe654b0000 - 0x00007ffe654e1000 	C:\Windows\system32\nvinitx.dll
0x00007ffe654a0000 - 0x00007ffe654aa000 	C:\Windows\SYSTEM32\VERSION.dll
0x000000000f000000 - 0x000000000f006000 	C:\Program Files\NVIDIA Corporation\CoProcManager\_etoured.dll
0x00007ffe62de0000 - 0x00007ffe62e12000 	C:\Program Files\NVIDIA Corporation\CoProcManager\nvd3d9wrapx.dll
0x00007ffe66ca0000 - 0x00007ffe66e7a000 	C:\Windows\system32\SETUPAPI.dll
0x00007ffe658c0000 - 0x00007ffe6590f000 	C:\Windows\system32\CFGMGR32.dll
0x00007ffe630e0000 - 0x00007ffe63102000 	C:\Program Files\NVIDIA Corporation\CoProcManager\nvdxgiwrapx.dll
0x00007ffe63580000 - 0x00007ffe637fa000 	C:\Windows\WinSxS\amd64_microsoft.windows.common-controls_6595b64144ccf1df_6.0.9600.17810_none_6240b9c7ecbd0bda\COMCTL32.dll
0x000000006a1e0000 - 0x000000006a2b2000 	C:\Program Files\Java\jre1.8.0_51\bin\msvcr100.dll
0x000000006a5f0000 - 0x000000006ae73000 	C:\Program Files\Java\jre1.8.0_51\bin\server\jvm.dll
0x00007ffe5b540000 - 0x00007ffe5b549000 	C:\Windows\SYSTEM32\WSOCK32.dll
0x00007ffe62f90000 - 0x00007ffe62fb2000 	C:\Windows\SYSTEM32\WINMM.dll
0x00007ffe66ae0000 - 0x00007ffe66ae7000 	C:\Windows\system32\PSAPI.DLL
0x00007ffe66960000 - 0x00007ffe669ba000 	C:\Windows\system32\WS2_32.dll
0x00007ffe62da0000 - 0x00007ffe62dca000 	C:\Windows\SYSTEM32\WINMMBASE.dll
0x00007ffe65c40000 - 0x00007ffe65c49000 	C:\Windows\system32\NSI.dll
0x00007ffe642c0000 - 0x00007ffe642e8000 	C:\Windows\SYSTEM32\DEVOBJ.dll
0x000000006b260000 - 0x000000006b26f000 	C:\Program Files\Java\jre1.8.0_51\bin\verify.dll
0x000000006b230000 - 0x000000006b259000 	C:\Program Files\Java\jre1.8.0_51\bin\java.dll
0x000000006b210000 - 0x000000006b226000 	C:\Program Files\Java\jre1.8.0_51\bin\zip.dll
0x000000006a450000 - 0x000000006a5e8000 	C:\Program Files\Java\jre1.8.0_51\bin\awt.dll
0x00007ffe65c50000 - 0x00007ffe65d11000 	C:\Windows\system32\OLEAUT32.dll
0x00007ffe63860000 - 0x00007ffe63881000 	C:\Windows\system32\DWMAPI.DLL
0x00007ffe640f0000 - 0x00007ffe64219000 	C:\Windows\system32\uxtheme.dll
0x00007ffe642f0000 - 0x00007ffe642fb000 	C:\Windows\SYSTEM32\kernel.appcore.dll
0x00007ffe65320000 - 0x00007ffe6532b000 	C:\Windows\SYSTEM32\CRYPTBASE.dll
0x00007ffe652b0000 - 0x00007ffe65313000 	C:\Windows\SYSTEM32\bcryptPrimitives.dll
0x000000006a400000 - 0x000000006a447000 	C:\Program Files\Java\jre1.8.0_51\bin\fontmanager.dll
0x00007ffe64d20000 - 0x00007ffe64d40000 	C:\Windows\SYSTEM32\CRYPTSP.dll
0x00007ffe64940000 - 0x00007ffe64976000 	C:\Windows\system32\rsaenh.dll
0x00007ffe64f70000 - 0x00007ffe64f96000 	C:\Windows\SYSTEM32\bcrypt.dll
0x000000006b1f0000 - 0x000000006b20a000 	C:\Program Files\Java\jre1.8.0_51\bin\net.dll
0x00007ffe64cc0000 - 0x00007ffe64d19000 	C:\Windows\system32\mswsock.dll
0x00007ffe5e0b0000 - 0x00007ffe5e0da000 	C:\Windows\SYSTEM32\IPHLPAPI.DLL
0x00007ffe5e050000 - 0x00007ffe5e05a000 	C:\Windows\SYSTEM32\WINNSI.DLL
0x00007ffe5dcb0000 - 0x00007ffe5dcc6000 	C:\Windows\SYSTEM32\dhcpcsvc6.DLL
0x00007ffe5ddc0000 - 0x00007ffe5ddda000 	C:\Windows\SYSTEM32\dhcpcsvc.DLL
0x000000006b1d0000 - 0x000000006b1e1000 	C:\Program Files\Java\jre1.8.0_51\bin\nio.dll
0x0000000070040000 - 0x0000000070052000 	C:\Users\Mateus\Desktop\javaApp\comunicacaosensores.dll
0x00007ffe5aa30000 - 0x00007ffe5abb9000 	C:\Windows\SYSTEM32\dbghelp.dll

VM Arguments:
jvm_args: -Djna.library.path=&{projecto_loc} -Dfile.encoding=Cp1252 
java_command: br.edu.ifba.embarcados.javaapp.Executor
java_class_path (initial): C:\Users\Mateus\Desktop\javaApp\bin;C:\Users\Mateus\Desktop\javaApp\lib\jna.jar
Launcher Type: SUN_STANDARD

Environment Variables:
PATH=C:/Program Files/Java/jre1.8.0_51/bin/server;C:/Program Files/Java/jre1.8.0_51/bin;C:/Program Files/Java/jre1.8.0_51/lib/amd64;C:\ProgramData\Oracle\Java\javapath;C:\Windows\system32;C:\Windows;C:\Windows\System32\Wbem;C:\Windows\System32\WindowsPowerShell\v1.0\;C:\Program Files (x86)\NVIDIA Corporation\PhysX\Common;C:\Program Files (x86)\MySQL\MySQL Fabric 1.5.4 & MySQL Utilities 1.5.4 1.5\;C:\Program Files (x86)\MySQL\MySQL Fabric 1.5.4 & MySQL Utilities 1.5.4 1.5\Doctrine extensions for PHP\;C:\Program Files\Java\jdk1.8.0_51\bin;C:\Program Files\MySQL\MySQL Server 5.6\bin\;C:\Program Files\Intel\WiFi\bin\;C:\Program Files\Common Files\Intel\WirelessCommon\;C:\Program Files (x86)\Skype\Phone\;C:\Python27\;C:\Python27\Scripts\;C:\Program Files (x86)\Windows Kits\8.1\Windows Performance Toolkit\;C:\Program Files\Microsoft SQL Server\110\Tools\Binn\;C:\Program Files (x86)\Microsoft SDKs\TypeScript\1.0\;C:\Program Files\Microsoft SQL Server\120\Tools\Binn\;C:\Program Files\nodejs\;C:\MinGW\bin;C:\Users\Mateus\AppData\Roaming\npm;C:\Desenvolvimento\Java\eclipse;
USERNAME=Mateus
OS=Windows_NT
PROCESSOR_IDENTIFIER=Intel64 Family 6 Model 69 Stepping 1, GenuineIntel



---------------  S Y S T E M  ---------------

OS: Windows 8.1 , 64 bit Build 9600 (6.3.9600.17415)

CPU:total 4 (2 cores per cpu, 2 threads per core) family 6 model 69 stepping 1, cmov, cx8, fxsr, mmx, sse, sse2, sse3, ssse3, sse4.1, sse4.2, popcnt, avx, avx2, aes, clmul, erms, lzcnt, ht, tsc, tscinvbit, bmi1, bmi2

Memory: 4k page, physical 8291404k(3395984k free), swap 9602124k(2271844k free)

vm_info: Java HotSpot(TM) 64-Bit Server VM (25.51-b03) for windows-amd64 JRE (1.8.0_51-b16), built on Jun  8 2015 18:03:07 by "java_re" with MS VC++ 10.0 (VS2010)

time: Wed Nov 18 21:24:00 2015
elapsed time: 10 seconds (0d 0h 0m 10s)

