#
# A fatal error has been detected by the Java Runtime Environment:
#
#  EXCEPTION_ACCESS_VIOLATION (0xc0000005) at pc=0x0000000180016213, pid=6260, tid=5756
#
# JRE version: Java(TM) SE Runtime Environment (8.0_51-b16) (build 1.8.0_51-b16)
# Java VM: Java HotSpot(TM) 64-Bit Server VM (25.51-b03 mixed mode windows-amd64 compressed oops)
# Problematic frame:
# C  0x0000000180016213
#
# Failed to write core dump. Minidumps are not enabled by default on client versions of Windows
#
# If you would like to submit a bug report, please visit:
#   http://bugreport.java.com/bugreport/crash.jsp
# The crash happened outside the Java Virtual Machine in native code.
# See problematic frame for where to report the bug.
#

---------------  T H R E A D  ---------------

Current thread (0x000000000ab92000):  JavaThread "Thread-2" [_thread_in_native, id=5756, stack(0x000000000bc80000,0x000000000bd80000)]

siginfo: ExceptionCode=0xc0000005, ExceptionInformation=0x0000000000000008 0x0000000180016213

Registers:
RAX=0x0000000000000000, RBX=0x000000000899cd30, RCX=0x0000000000000000, RDX=0x0000000000000000
RSP=0x000000000bd7e7a0, RBP=0x000000000bd7e7c0, RSI=0x0000000020002260, RDI=0x000000000bd7e888
R8 =0x000000000bd7e678, R9 =0x000000000bd7e7c0, R10=0x0000000000000000, R11=0x0000000000000246
R12=0x0000000000000000, R13=0x000000000899cd30, R14=0x000000000bd7eb18, R15=0x000000000ab92000
RIP=0x0000000180016213, EFLAGS=0x0000000000010202

Top of Stack: (sp=0x000000000bd7e7a0)
0x000000000bd7e7a0:   000000000bd7e8d0 000000000f025e08
0x000000000bd7e7b0:   0000226382bb2144 000000006b23bf59
0x000000000bd7e7c0:   000000000bd7e7a0 0000000008339198
0x000000000bd7e7d0:   000000000bd7e810 000000018000ec6a
0x000000000bd7e7e0:   000000018000e580 000000000bd7e818
0x000000000bd7e7f0:   0000000000000020 000000000000000a
0x000000000bd7e800:   000000000bd7ea40 0000000070041490
0x000000000bd7e810:   cccccccccccccccc 000000000bd7e8d0
0x000000000bd7e820:   000000000bd7ea40 000000000bd7e8d0
0x000000000bd7e830:   cccccccccccccccc cccccccccccccccc
0x000000000bd7e840:   cccccccccccccccc 0000000000000000
0x000000000bd7e850:   cccccccccccccccc cccccccccccccccc
0x000000000bd7e860:   cccccccccccccccc cccccccc00000001
0x000000000bd7e870:   0000226382cd9a3e cccccccccccccccc
0x000000000bd7e880:   cccccccccccccccc 0000000000000000
0x000000000bd7e890:   000000000bd7e8d0 00000001800020bb 

Instructions: (pc=0x0000000180016213)
0x00000001800161f3:   
[error occurred during error reporting (printing registers, top of stack, instructions near pc), id 0xc0000005]

Register to memory mapping:

RAX=0x0000000000000000 is an unknown value
RBX={method} {0x000000000899cd38} 'invokeInt' '(JI[Ljava/lang/Object;)I' in 'com/sun/jna/Native'
RCX=0x0000000000000000 is an unknown value
RDX=0x0000000000000000 is an unknown value
RSP=0x000000000bd7e7a0 is pointing into the stack for thread: 0x000000000ab92000
RBP=0x000000000bd7e7c0 is pointing into the stack for thread: 0x000000000ab92000
RSI=0x0000000020002260 is an unknown value
RDI=0x000000000bd7e888 is pointing into the stack for thread: 0x000000000ab92000
R8 =0x000000000bd7e678 is pointing into the stack for thread: 0x000000000ab92000
R9 =0x000000000bd7e7c0 is pointing into the stack for thread: 0x000000000ab92000
R10=0x0000000000000000 is an unknown value
R11=0x0000000000000246 is an unknown value
R12=0x0000000000000000 is an unknown value
R13={method} {0x000000000899cd38} 'invokeInt' '(JI[Ljava/lang/Object;)I' in 'com/sun/jna/Native'
R14=0x000000000bd7eb18 is pointing into the stack for thread: 0x000000000ab92000
R15=0x000000000ab92000 is a thread


Stack: [0x000000000bc80000,0x000000000bd80000],  sp=0x000000000bd7e7a0,  free space=1017k
Native frames: (J=compiled Java code, j=interpreted, Vv=VM code, C=native code)
C  0x0000000180016213

Java frames: (J=compiled Java code, j=interpreted, Vv=VM code)
j  com.sun.jna.Native.invokeInt(JI[Ljava/lang/Object;)I+0
j  com.sun.jna.Function.invoke([Ljava/lang/Object;Ljava/lang/Class;Z)Ljava/lang/Object;+333
J 569 C1 com.sun.jna.Function.invoke(Ljava/lang/Class;[Ljava/lang/Object;Ljava/util/Map;)Ljava/lang/Object; (526 bytes) @ 0x000000000f23e424 [0x000000000f23d080+0x13a4]
J 568 C1 com.sun.jna.Library$Handler.invoke(Ljava/lang/Object;Ljava/lang/reflect/Method;[Ljava/lang/Object;)Ljava/lang/Object; (345 bytes) @ 0x000000000f2454ac [0x000000000f243300+0x21ac]
j  com.sun.proxy.$Proxy0.ler()I+9
j  br.edu.ifba.embarcados.javaapp.asincexec.AsincExec.run()V+26
j  java.lang.Thread.run()V+11
v  ~StubRoutines::call_stub

---------------  P R O C E S S  ---------------

Java Threads: ( => current thread )
  0x000000000ac5a000 JavaThread "Thread-0" daemon [_thread_in_native, id=6908, stack(0x000000000c390000,0x000000000c490000)]
=>0x000000000ab92000 JavaThread "Thread-2" [_thread_in_native, id=5756, stack(0x000000000bc80000,0x000000000bd80000)]
  0x000000000ab90800 JavaThread "AWT-EventQueue-0" [_thread_blocked, id=2364, stack(0x000000000ba80000,0x000000000bb80000)]
  0x000000000a81c800 JavaThread "AWT-Shutdown" [_thread_blocked, id=1020, stack(0x000000000b470000,0x000000000b570000)]
  0x000000000a819800 JavaThread "Java2D Disposer" daemon [_thread_blocked, id=2508, stack(0x000000000b370000,0x000000000b470000)]
  0x0000000008c3e800 JavaThread "Service Thread" daemon [_thread_blocked, id=3308, stack(0x000000000a830000,0x000000000a930000)]
  0x0000000008be7000 JavaThread "C1 CompilerThread2" daemon [_thread_blocked, id=3492, stack(0x000000000a330000,0x000000000a430000)]
  0x0000000008be0000 JavaThread "C2 CompilerThread1" daemon [_thread_blocked, id=8212, stack(0x000000000a230000,0x000000000a330000)]
  0x0000000008bda000 JavaThread "C2 CompilerThread0" daemon [_thread_blocked, id=616, stack(0x000000000a130000,0x000000000a230000)]
  0x0000000008be5800 JavaThread "Attach Listener" daemon [_thread_blocked, id=1328, stack(0x000000000a030000,0x000000000a130000)]
  0x0000000008be4800 JavaThread "Signal Dispatcher" daemon [_thread_blocked, id=3900, stack(0x0000000009f30000,0x000000000a030000)]
  0x0000000003046000 JavaThread "Finalizer" daemon [_thread_blocked, id=8880, stack(0x0000000009e30000,0x0000000009f30000)]
  0x000000000303d000 JavaThread "Reference Handler" daemon [_thread_blocked, id=2972, stack(0x0000000009d30000,0x0000000009e30000)]
  0x0000000002f50800 JavaThread "main" [_thread_blocked, id=3344, stack(0x0000000001330000,0x0000000001430000)]

Other Threads:
  0x0000000008ba8000 VMThread [stack: 0x0000000009c30000,0x0000000009d30000] [id=8624]
  0x000000000a46c000 WatcherThread [stack: 0x000000000a930000,0x000000000aa30000] [id=3268]

VM state:not at safepoint (normal execution)

VM Mutex/Monitor currently owned by a thread: None

Heap:
 PSYoungGen      total 38400K, used 12411K [0x00000000d5d00000, 0x00000000d8780000, 0x0000000100000000)
  eden space 33280K, 37% used [0x00000000d5d00000,0x00000000d691ee98,0x00000000d7d80000)
  from space 5120K, 0% used [0x00000000d8280000,0x00000000d8280000,0x00000000d8780000)
  to   space 5120K, 0% used [0x00000000d7d80000,0x00000000d7d80000,0x00000000d8280000)
 ParOldGen       total 87552K, used 0K [0x0000000081600000, 0x0000000086b80000, 0x00000000d5d00000)
  object space 87552K, 0% used [0x0000000081600000,0x0000000081600000,0x0000000086b80000)
 Metaspace       used 9825K, capacity 9996K, committed 10240K, reserved 1058816K
  class space    used 1152K, capacity 1218K, committed 1280K, reserved 1048576K

Card table byte_map: [0x0000000003410000,0x0000000003810000] byte_map_base: 0x0000000003005000

Marking Bits: (ParMarkBitMap*) 0x000000006adf4040
 Begin Bits: [0x0000000003ec0000, 0x0000000005e68000)
 End Bits:   [0x0000000005e68000, 0x0000000007e10000)

Polling page: 0x00000000012d0000

CodeCache: size=245760Kb used=2268Kb max_used=2268Kb free=243491Kb
 bounds [0x000000000f010000, 0x000000000f280000, 0x000000001e010000]
 total_blobs=1034 nmethods=571 adapters=376
 compilation: enabled

Compilation events (10 events):
Event: 2.518 Thread 0x0000000008be7000  566       3       java.lang.ThreadLocal$ThreadLocalMap::set (136 bytes)
Event: 2.520 Thread 0x0000000008be7000 nmethod 566 0x000000000f23b890 code [0x000000000f23baa0, 0x000000000f23c568]
Event: 2.586 Thread 0x0000000008be7000  569       3       com.sun.jna.Function::invoke (526 bytes)
Event: 2.594 Thread 0x0000000008be7000 nmethod 569 0x000000000f23cb10 code [0x000000000f23d080, 0x000000000f240b48]
Event: 2.594 Thread 0x0000000008be7000  570       3       java.util.ArrayList$Itr::next (66 bytes)
Event: 2.595 Thread 0x0000000008be7000 nmethod 570 0x000000000f238410 code [0x000000000f2385c0, 0x000000000f238a68]
Event: 2.595 Thread 0x0000000008be7000  568   !   3       com.sun.jna.Library$Handler::invoke (345 bytes)
Event: 2.602 Thread 0x0000000008be7000 nmethod 568 0x000000000f242e90 code [0x000000000f243300, 0x000000000f246008]
Event: 2.602 Thread 0x0000000008be7000  571       1       sun.nio.cs.StreamEncoder::isOpen (5 bytes)
Event: 2.602 Thread 0x0000000008be7000 nmethod 571 0x000000000f247910 code [0x000000000f247a60, 0x000000000f247b70]

GC Heap History (0 events):
No events

Deoptimization events (0 events):
No events

Internal exceptions (10 events):
Event: 0.043 Thread 0x0000000002f50800 Exception <a 'java/lang/NoSuchMethodError': Method sun.misc.Unsafe.defineClass(Ljava/lang/String;[BII)Ljava/lang/Class; name or signature does not match> (0x00000000d5d0d3e0) thrown at [C:\re\workspace\8-2-build-windows-amd64-cygwin\jdk8u51\3951\hotspot\srU‹¹–Ñ¦?
Event: 0.043 Thread 0x0000000002f50800 Exception <a 'java/lang/NoSuchMethodError': Method sun.misc.Unsafe.prefetchRead(Ljava/lang/Object;J)V name or signature does not match> (0x00000000d5d0d670) thrown at [C:\re\workspace\8-2-build-windows-amd64-cygwin\jdk8u51\3951\hotspot\src\share\vm\prims\jŸü¿o¾?
Event: 0.119 Thread 0x0000000002f50800 Exception <a 'java/security/PrivilegedActionException'> (0x00000000d5d7fe90) thrown at [C:\re\workspace\8-2-build-windows-amd64-cygwin\jdk8u51\3951\hotspot\src\share\vm\prims\jvm.cpp, line 1382]
Event: 0.119 Thread 0x0000000002f50800 Exception <a 'java/security/PrivilegedActionException'> (0x00000000d5d80048) thrown at [C:\re\workspace\8-2-build-windows-amd64-cygwin\jdk8u51\3951\hotspot\src\share\vm\prims\jvm.cpp, line 1382]
Event: 0.120 Thread 0x0000000002f50800 Exception <a 'java/security/PrivilegedActionException'> (0x00000000d5d83b40) thrown at [C:\re\workspace\8-2-build-windows-amd64-cygwin\jdk8u51\3951\hotspot\src\share\vm\prims\jvm.cpp, line 1382]
Event: 0.120 Thread 0x0000000002f50800 Exception <a 'java/security/PrivilegedActionException'> (0x00000000d5d83cf8) thrown at [C:\re\workspace\8-2-build-windows-amd64-cygwin\jdk8u51\3951\hotspot\src\share\vm\prims\jvm.cpp, line 1382]
Event: 0.138 Thread 0x0000000002f50800 Exception <a 'java/io/FileNotFoundException'> (0x00000000d5f07b78) thrown at [C:\re\workspace\8-2-build-windows-amd64-cygwin\jdk8u51\3951\hotspot\src\share\vm\prims\jni.cpp, line 709]
Event: 0.157 Thread 0x0000000002f50800 Exception <a 'java/io/FileNotFoundException'> (0x00000000d5f28488) thrown at [C:\re\workspace\8-2-build-windows-amd64-cygwin\jdk8u51\3951\hotspot\src\share\vm\prims\jni.cpp, line 709]
Event: 0.191 Thread 0x0000000002f50800 Exception <a 'java/lang/NoSuchFieldError': method resolution failed> (0x00000000d5ffc208) thrown at [C:\re\workspace\8-2-build-windows-amd64-cygwin\jdk8u51\3951\hotspot\src\share\vm\prims\methodHandles.cpp, line 1125]
Event: 0.193 Thread 0x0000000002f50800 Exception <a 'java/lang/NoSuchFieldError': method resolution failed> (0x00000000d600ac48) thrown at [C:\re\workspace\8-2-build-windows-amd64-cygwin\jdk8u51\3951\hotspot\src\share\vm\prims\methodHandles.cpp, line 1125]

Events (10 events):
Event: 4.121 Executing VM operation: EnableBiasedLocking
Event: 4.121 Executing VM operation: EnableBiasedLocking done
Event: 4.811 Thread 0x000000000ac51800 Thread added: 0x000000000ac51800
Event: 4.812 Thread 0x000000000ac5a000 Thread added: 0x000000000ac5a000
Event: 4.812 Thread 0x000000000ac5a800 Thread added: 0x000000000ac5a800
Event: 4.812 Thread 0x000000000ac5a800 Thread exited: 0x000000000ac5a800
Event: 4.813 loading class sun/reflect/UnsafeObjectFieldAccessorImpl
Event: 4.813 loading class sun/reflect/UnsafeObjectFieldAccessorImpl done
Event: 4.814 Thread 0x000000000ac51800 Thread exited: 0x000000000ac51800
Event: 4.821 Thread 0x000000000ab74800 Thread exited: 0x000000000ab74800


Dynamic libraries:
0x00007ff6acf10000 - 0x00007ff6acf47000 	C:\Program Files\Java\jre1.8.0_51\bin\javaw.exe
0x00007ffe683a0000 - 0x00007ffe6854c000 	C:\Windows\SYSTEM32\ntdll.dll
0x00007ffe665f0000 - 0x00007ffe6672e000 	C:\Windows\system32\KERNEL32.DLL
0x00007ffe65910000 - 0x00007ffe65a25000 	C:\Windows\system32\KERNELBASE.dll
0x00007ffe64050000 - 0x00007ffe640de000 	C:\Windows\system32\apphelp.dll
0x00007ffe4fcf0000 - 0x00007ffe4fd43000 	C:\Windows\AppPatch\AppPatch64\AcGenral.DLL
0x00007ffe65d80000 - 0x00007ffe65e2a000 	C:\Windows\system32\msvcrt.dll
0x00007ffe65280000 - 0x00007ffe652ae000 	C:\Windows\SYSTEM32\SspiCli.dll
0x00007ffe65d20000 - 0x00007ffe65d74000 	C:\Windows\system32\SHLWAPI.dll
0x00007ffe66730000 - 0x00007ffe668a7000 	C:\Windows\system32\USER32.dll
0x00007ffe66b00000 - 0x00007ffe66c94000 	C:\Windows\system32\ole32.dll
0x00007ffe66e80000 - 0x00007ffe68399000 	C:\Windows\system32\SHELL32.dll
0x00007ffe64a50000 - 0x00007ffe64a71000 	C:\Windows\SYSTEM32\USERENV.dll
0x00007ffe663f0000 - 0x00007ffe6649a000 	C:\Windows\system32\ADVAPI32.dll
0x00007ffe5a810000 - 0x00007ffe5a82e000 	C:\Windows\SYSTEM32\MPR.dll
0x00007ffe664a0000 - 0x00007ffe665e1000 	C:\Windows\system32\RPCRT4.dll
0x00007ffe66a80000 - 0x00007ffe66ad9000 	C:\Windows\SYSTEM32\sechost.dll
0x00007ffe65e30000 - 0x00007ffe66041000 	C:\Windows\SYSTEM32\combase.dll
0x00007ffe65a30000 - 0x00007ffe65b7f000 	C:\Windows\system32\GDI32.dll
0x00007ffe65500000 - 0x00007ffe65515000 	C:\Windows\SYSTEM32\profapi.dll
0x00007ffe63a60000 - 0x00007ffe63b12000 	C:\Windows\SYSTEM32\SHCORE.dll
0x00007ffe668c0000 - 0x00007ffe668f6000 	C:\Windows\system32\IMM32.DLL
0x00007ffe66050000 - 0x00007ffe661a2000 	C:\Windows\system32\MSCTF.dll
0x00007ffe654b0000 - 0x00007ffe654e1000 	C:\Windows\system32\nvinitx.dll
0x00007ffe654a0000 - 0x00007ffe654aa000 	C:\Windows\SYSTEM32\VERSION.dll
0x000000000f000000 - 0x000000000f006000 	C:\Program Files\NVIDIA Corporation\CoProcManager\_etoured.dll
0x00007ffe62de0000 - 0x00007ffe62e12000 	C:\Program Files\NVIDIA Corporation\CoProcManager\nvd3d9wrapx.dll
0x00007ffe66ca0000 - 0x00007ffe66e7a000 	C:\Windows\system32\SETUPAPI.dll
0x00007ffe658c0000 - 0x00007ffe6590f000 	C:\Windows\system32\CFGMGR32.dll
0x00007ffe630e0000 - 0x00007ffe63102000 	C:\Program Files\NVIDIA Corporation\CoProcManager\nvdxgiwrapx.dll
0x00007ffe63580000 - 0x00007ffe637fa000 	C:\Windows\WinSxS\amd64_microsoft.windows.common-controls_6595b64144ccf1df_6.0.9600.17810_none_6240b9c7ecbd0bda\COMCTL32.dll
0x000000006a1e0000 - 0x000000006a2b2000 	C:\Program Files\Java\jre1.8.0_51\bin\msvcr100.dll
0x000000006a5f0000 - 0x000000006ae73000 	C:\Program Files\Java\jre1.8.0_51\bin\server\jvm.dll
0x00007ffe5b540000 - 0x00007ffe5b549000 	C:\Windows\SYSTEM32\WSOCK32.dll
0x00007ffe62f90000 - 0x00007ffe62fb2000 	C:\Windows\SYSTEM32\WINMM.dll
0x00007ffe66ae0000 - 0x00007ffe66ae7000 	C:\Windows\system32\PSAPI.DLL
0x00007ffe66960000 - 0x00007ffe669ba000 	C:\Windows\system32\WS2_32.dll
0x00007ffe62da0000 - 0x00007ffe62dca000 	C:\Windows\SYSTEM32\WINMMBASE.dll
0x00007ffe65c40000 - 0x00007ffe65c49000 	C:\Windows\system32\NSI.dll
0x00007ffe642c0000 - 0x00007ffe642e8000 	C:\Windows\SYSTEM32\DEVOBJ.dll
0x000000006b260000 - 0x000000006b26f000 	C:\Program Files\Java\jre1.8.0_51\bin\verify.dll
0x000000006b230000 - 0x000000006b259000 	C:\Program Files\Java\jre1.8.0_51\bin\java.dll
0x000000006b210000 - 0x000000006b226000 	C:\Program Files\Java\jre1.8.0_51\bin\zip.dll
0x000000006a450000 - 0x000000006a5e8000 	C:\Program Files\Java\jre1.8.0_51\bin\awt.dll
0x00007ffe65c50000 - 0x00007ffe65d11000 	C:\Windows\system32\OLEAUT32.dll
0x00007ffe63860000 - 0x00007ffe63881000 	C:\Windows\system32\DWMAPI.DLL
0x00007ffe640f0000 - 0x00007ffe64219000 	C:\Windows\system32\uxtheme.dll
0x00007ffe642f0000 - 0x00007ffe642fb000 	C:\Windows\SYSTEM32\kernel.appcore.dll
0x00007ffe65320000 - 0x00007ffe6532b000 	C:\Windows\SYSTEM32\CRYPTBASE.dll
0x00007ffe652b0000 - 0x00007ffe65313000 	C:\Windows\SYSTEM32\bcryptPrimitives.dll
0x000000006a400000 - 0x000000006a447000 	C:\Program Files\Java\jre1.8.0_51\bin\fontmanager.dll
0x00007ffe64d20000 - 0x00007ffe64d40000 	C:\Windows\SYSTEM32\CRYPTSP.dll
0x00007ffe64940000 - 0x00007ffe64976000 	C:\Windows\system32\rsaenh.dll
0x00007ffe64f70000 - 0x00007ffe64f96000 	C:\Windows\SYSTEM32\bcrypt.dll
0x000000006b1f0000 - 0x000000006b20a000 	C:\Program Files\Java\jre1.8.0_51\bin\net.dll
0x00007ffe64cc0000 - 0x00007ffe64d19000 	C:\Windows\system32\mswsock.dll
0x00007ffe5e0b0000 - 0x00007ffe5e0da000 	C:\Windows\SYSTEM32\IPHLPAPI.DLL
0x00007ffe5e050000 - 0x00007ffe5e05a000 	C:\Windows\SYSTEM32\WINNSI.DLL
0x00007ffe5dcb0000 - 0x00007ffe5dcc6000 	C:\Windows\SYSTEM32\dhcpcsvc6.DLL
0x00007ffe5ddc0000 - 0x00007ffe5ddda000 	C:\Windows\SYSTEM32\dhcpcsvc.DLL
0x000000006b1d0000 - 0x000000006b1e1000 	C:\Program Files\Java\jre1.8.0_51\bin\nio.dll
0x0000000070040000 - 0x0000000070052000 	C:\Users\Mateus\Desktop\javaApp\comunicacaosensores.dll
0x00007ffe5aa30000 - 0x00007ffe5abb9000 	C:\Windows\SYSTEM32\dbghelp.dll

VM Arguments:
jvm_args: -Djna.library.path=&{projecto_loc} -Dfile.encoding=Cp1252 
java_command: br.edu.ifba.embarcados.javaapp.Executor
java_class_path (initial): C:\Users\Mateus\Desktop\javaApp\bin;C:\Users\Mateus\Desktop\javaApp\lib\jna.jar
Launcher Type: SUN_STANDARD

Environment Variables:
PATH=C:/Program Files/Java/jre1.8.0_51/bin/server;C:/Program Files/Java/jre1.8.0_51/bin;C:/Program Files/Java/jre1.8.0_51/lib/amd64;C:\ProgramData\Oracle\Java\javapath;C:\Windows\system32;C:\Windows;C:\Windows\System32\Wbem;C:\Windows\System32\WindowsPowerShell\v1.0\;C:\Program Files (x86)\NVIDIA Corporation\PhysX\Common;C:\Program Files (x86)\MySQL\MySQL Fabric 1.5.4 & MySQL Utilities 1.5.4 1.5\;C:\Program Files (x86)\MySQL\MySQL Fabric 1.5.4 & MySQL Utilities 1.5.4 1.5\Doctrine extensions for PHP\;C:\Program Files\Java\jdk1.8.0_51\bin;C:\Program Files\MySQL\MySQL Server 5.6\bin\;C:\Program Files\Intel\WiFi\bin\;C:\Program Files\Common Files\Intel\WirelessCommon\;C:\Program Files (x86)\Skype\Phone\;C:\Python27\;C:\Python27\Scripts\;C:\Program Files (x86)\Windows Kits\8.1\Windows Performance Toolkit\;C:\Program Files\Microsoft SQL Server\110\Tools\Binn\;C:\Program Files (x86)\Microsoft SDKs\TypeScript\1.0\;C:\Program Files\Microsoft SQL Server\120\Tools\Binn\;C:\Program Files\nodejs\;C:\MinGW\bin;C:\Users\Mateus\AppData\Roaming\npm;C:\Desenvolvimento\Java\eclipse;
USERNAME=Mateus
OS=Windows_NT
PROCESSOR_IDENTIFIER=Intel64 Family 6 Model 69 Stepping 1, GenuineIntel



---------------  S Y S T E M  ---------------

OS: Windows 8.1 , 64 bit Build 9600 (6.3.9600.17415)

CPU:total 4 (2 cores per cpu, 2 threads per core) family 6 model 69 stepping 1, cmov, cx8, fxsr, mmx, sse, sse2, sse3, ssse3, sse4.1, sse4.2, popcnt, avx, avx2, aes, clmul, erms, lzcnt, ht, tsc, tscinvbit, bmi1, bmi2

Memory: 4k page, physical 8291404k(4079520k free), swap 9602124k(3097756k free)

vm_info: Java HotSpot(TM) 64-Bit Server VM (25.51-b03) for windows-amd64 JRE (1.8.0_51-b16), built on Jun  8 2015 18:03:07 by "java_re" with MS VC++ 10.0 (VS2010)

time: Wed Nov 18 20:39:26 2015
elapsed time: 4 seconds (0d 0h 0m 4s)

